2023-03-08 16:33:40.894  INFO 24292 --- [main] c.p.controller.EmployeeControllerTest    : Starting EmployeeControllerTest using Java 1.8.0_241 on Akhilesh-Gargatte with PID 24292 (started by akhil in C:\Users\akhil\Documents\workspace-spring-tool-suite-4-4.17.2.RELEASE\SpringBootDemo2.1)
2023-03-08 16:33:40.905  INFO 24292 --- [main] c.p.controller.EmployeeControllerTest    : No active profile set, falling back to 1 default profile: "default"
2023-03-08 16:33:42.500  INFO 24292 --- [main] .s.d.r.c.RepositoryConfigurationDelegate : Bootstrapping Spring Data JPA repositories in DEFAULT mode.
2023-03-08 16:33:42.585  INFO 24292 --- [main] .s.d.r.c.RepositoryConfigurationDelegate : Finished Spring Data repository scanning in 70 ms. Found 1 JPA repository interfaces.
2023-03-08 16:33:44.372  INFO 24292 --- [main] o.s.b.w.embedded.tomcat.TomcatWebServer  : Tomcat initialized with port(s): 0 (http)
2023-03-08 16:33:44.392  INFO 24292 --- [main] o.apache.catalina.core.StandardService   : Starting service [Tomcat]
2023-03-08 16:33:44.394  INFO 24292 --- [main] org.apache.catalina.core.StandardEngine  : Starting Servlet engine: [Apache Tomcat/9.0.71]
2023-03-08 16:33:44.704  INFO 24292 --- [main] o.a.c.c.C.[Tomcat].[localhost].[/]       : Initializing Spring embedded WebApplicationContext
2023-03-08 16:33:44.704  INFO 24292 --- [main] w.s.c.ServletWebServerApplicationContext : Root WebApplicationContext: initialization completed in 3412 ms
2023-03-08 16:33:44.804  INFO 24292 --- [main] com.zaxxer.hikari.HikariDataSource       : HikariPool-1 - Starting...
2023-03-08 16:33:45.256  INFO 24292 --- [main] com.zaxxer.hikari.HikariDataSource       : HikariPool-1 - Start completed.
2023-03-08 16:33:45.277  INFO 24292 --- [main] o.s.b.a.h2.H2ConsoleAutoConfiguration    : H2 console available at '/h2-console'. Database available at 'jdbc:h2:mem:testdb'
2023-03-08 16:33:45.728  INFO 24292 --- [main] o.hibernate.jpa.internal.util.LogHelper  : HHH000204: Processing PersistenceUnitInfo [name: default]
2023-03-08 16:33:45.857  INFO 24292 --- [main] org.hibernate.Version                    : HHH000412: Hibernate ORM core version 5.6.14.Final
2023-03-08 16:33:46.224  INFO 24292 --- [main] o.hibernate.annotations.common.Version   : HCANN000001: Hibernate Commons Annotations {5.1.2.Final}
2023-03-08 16:33:46.459  INFO 24292 --- [main] org.hibernate.dialect.Dialect            : HHH000400: Using dialect: org.hibernate.dialect.MySQL8Dialect
2023-03-08 16:33:47.635  INFO 24292 --- [main] o.h.e.t.j.p.i.JtaPlatformInitiator       : HHH000490: Using JtaPlatform implementation: [org.hibernate.engine.transaction.jta.platform.internal.NoJtaPlatform]
2023-03-08 16:33:47.645  INFO 24292 --- [main] j.LocalContainerEntityManagerFactoryBean : Initialized JPA EntityManagerFactory for persistence unit 'default'
2023-03-08 16:33:48.625  WARN 24292 --- [main] JpaBaseConfiguration$JpaWebConfiguration : spring.jpa.open-in-view is enabled by default. Therefore, database queries may be performed during view rendering. Explicitly configure spring.jpa.open-in-view to disable this warning
2023-03-08 16:33:49.018  INFO 24292 --- [main] pertySourcedRequestMappingHandlerMapping : Mapped URL path [/v2/api-docs] onto method [springfox.documentation.swagger2.web.Swagger2Controller#getDocumentation(String, HttpServletRequest)]
2023-03-08 16:33:50.536  INFO 24292 --- [main] o.s.b.w.embedded.tomcat.TomcatWebServer  : Tomcat started on port(s): 64852 (http) with context path ''
2023-03-08 16:33:50.538  INFO 24292 --- [main] d.s.w.p.DocumentationPluginsBootstrapper : Context refreshed
2023-03-08 16:33:50.591  INFO 24292 --- [main] d.s.w.p.DocumentationPluginsBootstrapper : Found 1 custom documentation plugin(s)
2023-03-08 16:33:50.633  INFO 24292 --- [main] s.d.s.w.s.ApiListingReferenceScanner     : Scanning for api listing references
2023-03-08 16:33:50.851  INFO 24292 --- [main] c.p.controller.EmployeeControllerTest    : Started EmployeeControllerTest in 10.485 seconds (JVM running for 12.206)
2023-03-08 16:33:52.254  INFO 24292 --- [http-nio-auto-1-exec-2] o.a.c.c.C.[Tomcat].[localhost].[/]       : Initializing Spring DispatcherServlet 'dispatcherServlet'
2023-03-08 16:33:52.255  INFO 24292 --- [http-nio-auto-1-exec-2] o.s.web.servlet.DispatcherServlet        : Initializing Servlet 'dispatcherServlet'
2023-03-08 16:33:52.257  INFO 24292 --- [http-nio-auto-1-exec-2] o.s.web.servlet.DispatcherServlet        : Completed initialization in 1 ms
2023-03-08 16:33:52.319  INFO 24292 --- [http-nio-auto-1-exec-2] c.project.controller.EmployeeController  : start:EmployeeController --> getAllEmployeeByPage 0
2023-03-08 16:33:52.320  INFO 24292 --- [http-nio-auto-1-exec-2] com.project.service.EmployeeServiceImpl  : start: EmployeeServiceImpl --> getAllEmployeeByPage 0
2023-03-08 16:33:52.359  INFO 24292 --- [http-nio-auto-1-exec-2] com.project.service.EmployeeServiceImpl  : End: EmployeeServiceImpl --> getAllEmployeeByPage [Employee [id=1, name=Aniket, city=Belgaum], Employee [id=2, name=Ajinkya, city=Sangli]]
2023-03-08 16:33:52.360  INFO 24292 --- [http-nio-auto-1-exec-2] c.project.controller.EmployeeController  : End:EmployeeController --> getAllEmployeeByPage : Successfully fetched 0
2023-03-08 16:33:52.584  INFO 24292 --- [http-nio-auto-1-exec-1] c.project.controller.EmployeeController  : start:EmployeeController --> getEmpById 1
2023-03-08 16:33:52.584  INFO 24292 --- [http-nio-auto-1-exec-1] com.project.service.EmployeeServiceImpl  : start: EmployeeServiceImpl --> getById 1
2023-03-08 16:33:52.585  INFO 24292 --- [http-nio-auto-1-exec-1] com.project.service.EmployeeServiceImpl  : End: EmployeeServiceImpl --> getById 1
2023-03-08 16:33:52.712  INFO 24292 --- [http-nio-auto-1-exec-4] c.project.controller.EmployeeController  : start:EmployeeController --> getById 1
2023-03-08 16:33:52.712  INFO 24292 --- [http-nio-auto-1-exec-4] com.project.service.EmployeeServiceImpl  : start: EmployeeServiceImpl --> getById 1
2023-03-08 16:33:52.713  INFO 24292 --- [http-nio-auto-1-exec-4] com.project.service.EmployeeServiceImpl  : End: EmployeeServiceImpl --> getById 1
2023-03-08 16:33:52.748  INFO 24292 --- [http-nio-auto-1-exec-5] c.project.controller.EmployeeController  : start:EmployeeController --> deleteEmployeeById 1
2023-03-08 16:33:52.748  INFO 24292 --- [http-nio-auto-1-exec-5] com.project.service.EmployeeServiceImpl  : start: EmployeeServiceImpl --> deleteById 1
2023-03-08 16:33:52.793  INFO 24292 --- [http-nio-auto-1-exec-6] c.project.controller.EmployeeController  : start:EmployeeController --> getAllEmployeeBySorting 
2023-03-08 16:33:52.794  INFO 24292 --- [http-nio-auto-1-exec-6] com.project.service.EmployeeServiceImpl  : start: EmployeeServiceImpl --> getAllEmployeeBySorting
2023-03-08 16:33:52.804  INFO 24292 --- [http-nio-auto-1-exec-6] com.project.service.EmployeeServiceImpl  : End: EmployeeServiceImpl --> getAllEmployeeBySorting
2023-03-08 16:33:52.804  INFO 24292 --- [http-nio-auto-1-exec-6] c.project.controller.EmployeeController  : End:EmployeeController --> getAllEmployeeBySorting :Successfully fetched 
2023-03-08 16:33:52.838  INFO 24292 --- [http-nio-auto-1-exec-7] c.project.controller.EmployeeController  : start:EmployeeController --> getEmpByCityAndName Belgaum 
2023-03-08 16:33:52.855  INFO 24292 --- [http-nio-auto-1-exec-7] c.project.controller.EmployeeController  : End:EmployeeController --> getEmpByCityAndName [Employee [id=15, name=Aniket, city=Belgaum]] 
2023-03-08 16:33:52.922  INFO 24292 --- [http-nio-auto-1-exec-3] c.project.controller.EmployeeController  : start:EmployeeController --> addEmp
2023-03-08 16:33:52.922  INFO 24292 --- [http-nio-auto-1-exec-3] com.project.service.EmployeeServiceImpl  : start: EmployeeServiceImpl --> saveEmployee
2023-03-08 16:33:52.924  INFO 24292 --- [http-nio-auto-1-exec-3] com.project.service.EmployeeServiceImpl  : end: EmployeeServiceImpl --> saveEmployee : Employee saved Employee [id=17, name=Aniket, city=Belgaum]
2023-03-08 16:33:52.925  INFO 24292 --- [http-nio-auto-1-exec-3] c.project.controller.EmployeeController  : end:EmployeeController --> addEmp:Employee added Employee [id=17, name=Aniket, city=Belgaum]
2023-03-08 16:33:52.945  INFO 24292 --- [http-nio-auto-1-exec-4] c.project.controller.EmployeeController  : start:EmployeeController --> getAll
2023-03-08 16:33:52.945  INFO 24292 --- [http-nio-auto-1-exec-4] com.project.service.EmployeeServiceImpl  : start: EmployeeServiceImpl --> getAllEmployee
2023-03-08 16:33:52.947  INFO 24292 --- [http-nio-auto-1-exec-4] com.project.service.EmployeeServiceImpl  : End: EmployeeServiceImpl --> getAllEmployee
2023-03-08 16:33:52.947  INFO 24292 --- [http-nio-auto-1-exec-4] c.project.controller.EmployeeController  : End:EmployeeController --> getAll
2023-03-08 16:33:53.306  INFO 24292 --- [SpringApplicationShutdownHook] j.LocalContainerEntityManagerFactoryBean : Closing JPA EntityManagerFactory for persistence unit 'default'
2023-03-08 16:33:53.310  INFO 24292 --- [SpringApplicationShutdownHook] com.zaxxer.hikari.HikariDataSource       : HikariPool-1 - Shutdown initiated...
2023-03-08 16:33:53.313  INFO 24292 --- [SpringApplicationShutdownHook] com.zaxxer.hikari.HikariDataSource       : HikariPool-1 - Shutdown completed.
2023-03-08 16:36:51.712  INFO 1532 --- [main] c.p.controller.EmployeeControllerTest    : Starting EmployeeControllerTest using Java 1.8.0_241 on Akhilesh-Gargatte with PID 1532 (started by akhil in C:\Users\akhil\Documents\workspace-spring-tool-suite-4-4.17.2.RELEASE\SpringBootDemo2.1)
2023-03-08 16:36:51.714  INFO 1532 --- [main] c.p.controller.EmployeeControllerTest    : No active profile set, falling back to 1 default profile: "default"
2023-03-08 16:36:53.143  INFO 1532 --- [main] .s.d.r.c.RepositoryConfigurationDelegate : Bootstrapping Spring Data JPA repositories in DEFAULT mode.
2023-03-08 16:36:53.217  INFO 1532 --- [main] .s.d.r.c.RepositoryConfigurationDelegate : Finished Spring Data repository scanning in 62 ms. Found 1 JPA repository interfaces.
2023-03-08 16:36:54.814  INFO 1532 --- [main] o.s.b.w.embedded.tomcat.TomcatWebServer  : Tomcat initialized with port(s): 0 (http)
2023-03-08 16:36:54.830  INFO 1532 --- [main] o.apache.catalina.core.StandardService   : Starting service [Tomcat]
2023-03-08 16:36:54.831  INFO 1532 --- [main] org.apache.catalina.core.StandardEngine  : Starting Servlet engine: [Apache Tomcat/9.0.71]
2023-03-08 16:36:55.100  INFO 1532 --- [main] o.a.c.c.C.[Tomcat].[localhost].[/]       : Initializing Spring embedded WebApplicationContext
2023-03-08 16:36:55.101  INFO 1532 --- [main] w.s.c.ServletWebServerApplicationContext : Root WebApplicationContext: initialization completed in 3069 ms
2023-03-08 16:36:55.190  INFO 1532 --- [main] com.zaxxer.hikari.HikariDataSource       : HikariPool-1 - Starting...
2023-03-08 16:36:55.683  INFO 1532 --- [main] com.zaxxer.hikari.HikariDataSource       : HikariPool-1 - Start completed.
2023-03-08 16:36:55.700  INFO 1532 --- [main] o.s.b.a.h2.H2ConsoleAutoConfiguration    : H2 console available at '/h2-console'. Database available at 'jdbc:h2:mem:testdb'
2023-03-08 16:36:56.107  INFO 1532 --- [main] o.hibernate.jpa.internal.util.LogHelper  : HHH000204: Processing PersistenceUnitInfo [name: default]
2023-03-08 16:36:56.214  INFO 1532 --- [main] org.hibernate.Version                    : HHH000412: Hibernate ORM core version 5.6.14.Final
2023-03-08 16:36:56.539  INFO 1532 --- [main] o.hibernate.annotations.common.Version   : HCANN000001: Hibernate Commons Annotations {5.1.2.Final}
2023-03-08 16:36:56.709  INFO 1532 --- [main] org.hibernate.dialect.Dialect            : HHH000400: Using dialect: org.hibernate.dialect.MySQL8Dialect
2023-03-08 16:36:57.898  INFO 1532 --- [main] o.h.e.t.j.p.i.JtaPlatformInitiator       : HHH000490: Using JtaPlatform implementation: [org.hibernate.engine.transaction.jta.platform.internal.NoJtaPlatform]
2023-03-08 16:36:57.910  INFO 1532 --- [main] j.LocalContainerEntityManagerFactoryBean : Initialized JPA EntityManagerFactory for persistence unit 'default'
2023-03-08 16:36:58.798  WARN 1532 --- [main] JpaBaseConfiguration$JpaWebConfiguration : spring.jpa.open-in-view is enabled by default. Therefore, database queries may be performed during view rendering. Explicitly configure spring.jpa.open-in-view to disable this warning
2023-03-08 16:36:59.224  INFO 1532 --- [main] pertySourcedRequestMappingHandlerMapping : Mapped URL path [/v2/api-docs] onto method [springfox.documentation.swagger2.web.Swagger2Controller#getDocumentation(String, HttpServletRequest)]
2023-03-08 16:37:00.666  INFO 1532 --- [main] o.s.b.w.embedded.tomcat.TomcatWebServer  : Tomcat started on port(s): 64872 (http) with context path ''
2023-03-08 16:37:00.667  INFO 1532 --- [main] d.s.w.p.DocumentationPluginsBootstrapper : Context refreshed
2023-03-08 16:37:00.699  INFO 1532 --- [main] d.s.w.p.DocumentationPluginsBootstrapper : Found 1 custom documentation plugin(s)
2023-03-08 16:37:00.739  INFO 1532 --- [main] s.d.s.w.s.ApiListingReferenceScanner     : Scanning for api listing references
2023-03-08 16:37:00.973  INFO 1532 --- [main] c.p.controller.EmployeeControllerTest    : Started EmployeeControllerTest in 9.707 seconds (JVM running for 11.521)
2023-03-08 16:37:02.420  INFO 1532 --- [http-nio-auto-1-exec-1] o.a.c.c.C.[Tomcat].[localhost].[/]       : Initializing Spring DispatcherServlet 'dispatcherServlet'
2023-03-08 16:37:02.421  INFO 1532 --- [http-nio-auto-1-exec-1] o.s.web.servlet.DispatcherServlet        : Initializing Servlet 'dispatcherServlet'
2023-03-08 16:37:02.423  INFO 1532 --- [http-nio-auto-1-exec-1] o.s.web.servlet.DispatcherServlet        : Completed initialization in 2 ms
2023-03-08 16:37:02.471  INFO 1532 --- [http-nio-auto-1-exec-1] c.project.controller.EmployeeController  : start:EmployeeController --> deleteEmployeeById 1
2023-03-08 16:37:02.471  INFO 1532 --- [http-nio-auto-1-exec-1] com.project.service.EmployeeServiceImpl  : start: EmployeeServiceImpl --> deleteById 1
2023-03-08 16:37:02.514  INFO 1532 --- [http-nio-auto-1-exec-1] com.project.service.EmployeeServiceImpl  : End: EmployeeServiceImpl --> deleteById 1
2023-03-08 16:37:02.514  INFO 1532 --- [http-nio-auto-1-exec-1] c.project.controller.EmployeeController  : End:EmployeeController --> deleteEmployeeById : Employee deleted successfully 1
2023-03-08 16:37:03.013  INFO 1532 --- [SpringApplicationShutdownHook] j.LocalContainerEntityManagerFactoryBean : Closing JPA EntityManagerFactory for persistence unit 'default'
2023-03-08 16:37:03.016  INFO 1532 --- [SpringApplicationShutdownHook] com.zaxxer.hikari.HikariDataSource       : HikariPool-1 - Shutdown initiated...
2023-03-08 16:37:03.020  INFO 1532 --- [SpringApplicationShutdownHook] com.zaxxer.hikari.HikariDataSource       : HikariPool-1 - Shutdown completed.
2023-03-08 16:37:38.524  INFO 11248 --- [main] c.p.controller.EmployeeControllerTest    : Starting EmployeeControllerTest using Java 1.8.0_241 on Akhilesh-Gargatte with PID 11248 (started by akhil in C:\Users\akhil\Documents\workspace-spring-tool-suite-4-4.17.2.RELEASE\SpringBootDemo2.1)
2023-03-08 16:37:38.527  INFO 11248 --- [main] c.p.controller.EmployeeControllerTest    : No active profile set, falling back to 1 default profile: "default"
2023-03-08 16:37:39.914  INFO 11248 --- [main] .s.d.r.c.RepositoryConfigurationDelegate : Bootstrapping Spring Data JPA repositories in DEFAULT mode.
2023-03-08 16:37:39.990  INFO 11248 --- [main] .s.d.r.c.RepositoryConfigurationDelegate : Finished Spring Data repository scanning in 60 ms. Found 1 JPA repository interfaces.
2023-03-08 16:37:41.585  INFO 11248 --- [main] o.s.b.w.embedded.tomcat.TomcatWebServer  : Tomcat initialized with port(s): 0 (http)
2023-03-08 16:37:41.608  INFO 11248 --- [main] o.apache.catalina.core.StandardService   : Starting service [Tomcat]
2023-03-08 16:37:41.609  INFO 11248 --- [main] org.apache.catalina.core.StandardEngine  : Starting Servlet engine: [Apache Tomcat/9.0.71]
2023-03-08 16:37:41.859  INFO 11248 --- [main] o.a.c.c.C.[Tomcat].[localhost].[/]       : Initializing Spring embedded WebApplicationContext
2023-03-08 16:37:41.860  INFO 11248 --- [main] w.s.c.ServletWebServerApplicationContext : Root WebApplicationContext: initialization completed in 3007 ms
2023-03-08 16:37:41.955  INFO 11248 --- [main] com.zaxxer.hikari.HikariDataSource       : HikariPool-1 - Starting...
2023-03-08 16:37:42.439  INFO 11248 --- [main] com.zaxxer.hikari.HikariDataSource       : HikariPool-1 - Start completed.
2023-03-08 16:37:42.457  INFO 11248 --- [main] o.s.b.a.h2.H2ConsoleAutoConfiguration    : H2 console available at '/h2-console'. Database available at 'jdbc:h2:mem:testdb'
2023-03-08 16:37:42.898  INFO 11248 --- [main] o.hibernate.jpa.internal.util.LogHelper  : HHH000204: Processing PersistenceUnitInfo [name: default]
2023-03-08 16:37:43.022  INFO 11248 --- [main] org.hibernate.Version                    : HHH000412: Hibernate ORM core version 5.6.14.Final
2023-03-08 16:37:43.358  INFO 11248 --- [main] o.hibernate.annotations.common.Version   : HCANN000001: Hibernate Commons Annotations {5.1.2.Final}
2023-03-08 16:37:43.529  INFO 11248 --- [main] org.hibernate.dialect.Dialect            : HHH000400: Using dialect: org.hibernate.dialect.MySQL8Dialect
2023-03-08 16:37:44.697  INFO 11248 --- [main] o.h.e.t.j.p.i.JtaPlatformInitiator       : HHH000490: Using JtaPlatform implementation: [org.hibernate.engine.transaction.jta.platform.internal.NoJtaPlatform]
2023-03-08 16:37:44.709  INFO 11248 --- [main] j.LocalContainerEntityManagerFactoryBean : Initialized JPA EntityManagerFactory for persistence unit 'default'
2023-03-08 16:37:45.707  WARN 11248 --- [main] JpaBaseConfiguration$JpaWebConfiguration : spring.jpa.open-in-view is enabled by default. Therefore, database queries may be performed during view rendering. Explicitly configure spring.jpa.open-in-view to disable this warning
2023-03-08 16:37:46.114  INFO 11248 --- [main] pertySourcedRequestMappingHandlerMapping : Mapped URL path [/v2/api-docs] onto method [springfox.documentation.swagger2.web.Swagger2Controller#getDocumentation(String, HttpServletRequest)]
2023-03-08 16:37:47.349  INFO 11248 --- [main] o.s.b.w.embedded.tomcat.TomcatWebServer  : Tomcat started on port(s): 64881 (http) with context path ''
2023-03-08 16:37:47.350  INFO 11248 --- [main] d.s.w.p.DocumentationPluginsBootstrapper : Context refreshed
2023-03-08 16:37:47.375  INFO 11248 --- [main] d.s.w.p.DocumentationPluginsBootstrapper : Found 1 custom documentation plugin(s)
2023-03-08 16:37:47.430  INFO 11248 --- [main] s.d.s.w.s.ApiListingReferenceScanner     : Scanning for api listing references
2023-03-08 16:37:47.613  INFO 11248 --- [main] c.p.controller.EmployeeControllerTest    : Started EmployeeControllerTest in 9.563 seconds (JVM running for 11.403)
2023-03-08 16:37:49.002  INFO 11248 --- [http-nio-auto-1-exec-1] o.a.c.c.C.[Tomcat].[localhost].[/]       : Initializing Spring DispatcherServlet 'dispatcherServlet'
2023-03-08 16:37:49.003  INFO 11248 --- [http-nio-auto-1-exec-1] o.s.web.servlet.DispatcherServlet        : Initializing Servlet 'dispatcherServlet'
2023-03-08 16:37:49.005  INFO 11248 --- [http-nio-auto-1-exec-1] o.s.web.servlet.DispatcherServlet        : Completed initialization in 2 ms
2023-03-08 16:37:49.056  INFO 11248 --- [http-nio-auto-1-exec-1] c.project.controller.EmployeeController  : start:EmployeeController --> deleteEmployeeById 1
2023-03-08 16:37:49.056  INFO 11248 --- [http-nio-auto-1-exec-1] com.project.service.EmployeeServiceImpl  : start: EmployeeServiceImpl --> deleteById 1
2023-03-08 16:37:49.092  INFO 11248 --- [http-nio-auto-1-exec-1] com.project.service.EmployeeServiceImpl  : End: EmployeeServiceImpl --> deleteById 1
2023-03-08 16:37:49.092  INFO 11248 --- [http-nio-auto-1-exec-1] c.project.controller.EmployeeController  : End:EmployeeController --> deleteEmployeeById : Employee deleted successfully 1
2023-03-08 16:37:49.524  INFO 11248 --- [SpringApplicationShutdownHook] j.LocalContainerEntityManagerFactoryBean : Closing JPA EntityManagerFactory for persistence unit 'default'
2023-03-08 16:37:49.528  INFO 11248 --- [SpringApplicationShutdownHook] com.zaxxer.hikari.HikariDataSource       : HikariPool-1 - Shutdown initiated...
2023-03-08 16:37:49.531  INFO 11248 --- [SpringApplicationShutdownHook] com.zaxxer.hikari.HikariDataSource       : HikariPool-1 - Shutdown completed.
2023-03-08 16:38:17.526  INFO 5092 --- [main] c.p.controller.EmployeeControllerTest    : Starting EmployeeControllerTest using Java 1.8.0_241 on Akhilesh-Gargatte with PID 5092 (started by akhil in C:\Users\akhil\Documents\workspace-spring-tool-suite-4-4.17.2.RELEASE\SpringBootDemo2.1)
2023-03-08 16:38:17.529  INFO 5092 --- [main] c.p.controller.EmployeeControllerTest    : No active profile set, falling back to 1 default profile: "default"
2023-03-08 16:38:18.961  INFO 5092 --- [main] .s.d.r.c.RepositoryConfigurationDelegate : Bootstrapping Spring Data JPA repositories in DEFAULT mode.
2023-03-08 16:38:19.065  INFO 5092 --- [main] .s.d.r.c.RepositoryConfigurationDelegate : Finished Spring Data repository scanning in 87 ms. Found 1 JPA repository interfaces.
2023-03-08 16:38:20.634  INFO 5092 --- [main] o.s.b.w.embedded.tomcat.TomcatWebServer  : Tomcat initialized with port(s): 0 (http)
2023-03-08 16:38:20.651  INFO 5092 --- [main] o.apache.catalina.core.StandardService   : Starting service [Tomcat]
2023-03-08 16:38:20.652  INFO 5092 --- [main] org.apache.catalina.core.StandardEngine  : Starting Servlet engine: [Apache Tomcat/9.0.71]
2023-03-08 16:38:20.930  INFO 5092 --- [main] o.a.c.c.C.[Tomcat].[localhost].[/]       : Initializing Spring embedded WebApplicationContext
2023-03-08 16:38:20.931  INFO 5092 --- [main] w.s.c.ServletWebServerApplicationContext : Root WebApplicationContext: initialization completed in 3073 ms
2023-03-08 16:38:21.045  INFO 5092 --- [main] com.zaxxer.hikari.HikariDataSource       : HikariPool-1 - Starting...
2023-03-08 16:38:21.463  INFO 5092 --- [main] com.zaxxer.hikari.HikariDataSource       : HikariPool-1 - Start completed.
2023-03-08 16:38:21.480  INFO 5092 --- [main] o.s.b.a.h2.H2ConsoleAutoConfiguration    : H2 console available at '/h2-console'. Database available at 'jdbc:h2:mem:testdb'
2023-03-08 16:38:21.918  INFO 5092 --- [main] o.hibernate.jpa.internal.util.LogHelper  : HHH000204: Processing PersistenceUnitInfo [name: default]
2023-03-08 16:38:22.016  INFO 5092 --- [main] org.hibernate.Version                    : HHH000412: Hibernate ORM core version 5.6.14.Final
2023-03-08 16:38:22.286  INFO 5092 --- [main] o.hibernate.annotations.common.Version   : HCANN000001: Hibernate Commons Annotations {5.1.2.Final}
2023-03-08 16:38:22.456  INFO 5092 --- [main] org.hibernate.dialect.Dialect            : HHH000400: Using dialect: org.hibernate.dialect.MySQL8Dialect
2023-03-08 16:38:23.422  INFO 5092 --- [main] o.h.e.t.j.p.i.JtaPlatformInitiator       : HHH000490: Using JtaPlatform implementation: [org.hibernate.engine.transaction.jta.platform.internal.NoJtaPlatform]
2023-03-08 16:38:23.435  INFO 5092 --- [main] j.LocalContainerEntityManagerFactoryBean : Initialized JPA EntityManagerFactory for persistence unit 'default'
2023-03-08 16:38:24.686  WARN 5092 --- [main] JpaBaseConfiguration$JpaWebConfiguration : spring.jpa.open-in-view is enabled by default. Therefore, database queries may be performed during view rendering. Explicitly configure spring.jpa.open-in-view to disable this warning
2023-03-08 16:38:25.102  INFO 5092 --- [main] pertySourcedRequestMappingHandlerMapping : Mapped URL path [/v2/api-docs] onto method [springfox.documentation.swagger2.web.Swagger2Controller#getDocumentation(String, HttpServletRequest)]
2023-03-08 16:38:26.519  INFO 5092 --- [main] o.s.b.w.embedded.tomcat.TomcatWebServer  : Tomcat started on port(s): 64888 (http) with context path ''
2023-03-08 16:38:26.521  INFO 5092 --- [main] d.s.w.p.DocumentationPluginsBootstrapper : Context refreshed
2023-03-08 16:38:26.550  INFO 5092 --- [main] d.s.w.p.DocumentationPluginsBootstrapper : Found 1 custom documentation plugin(s)
2023-03-08 16:38:26.585  INFO 5092 --- [main] s.d.s.w.s.ApiListingReferenceScanner     : Scanning for api listing references
2023-03-08 16:38:26.786  INFO 5092 --- [main] c.p.controller.EmployeeControllerTest    : Started EmployeeControllerTest in 9.701 seconds (JVM running for 11.486)
2023-03-08 16:38:28.188  INFO 5092 --- [http-nio-auto-1-exec-1] o.a.c.c.C.[Tomcat].[localhost].[/]       : Initializing Spring DispatcherServlet 'dispatcherServlet'
2023-03-08 16:38:28.189  INFO 5092 --- [http-nio-auto-1-exec-1] o.s.web.servlet.DispatcherServlet        : Initializing Servlet 'dispatcherServlet'
2023-03-08 16:38:28.191  INFO 5092 --- [http-nio-auto-1-exec-1] o.s.web.servlet.DispatcherServlet        : Completed initialization in 2 ms
2023-03-08 16:38:28.233  INFO 5092 --- [http-nio-auto-1-exec-1] c.project.controller.EmployeeController  : start:EmployeeController --> getAllEmployeeByPage 0
2023-03-08 16:38:28.233  INFO 5092 --- [http-nio-auto-1-exec-1] com.project.service.EmployeeServiceImpl  : start: EmployeeServiceImpl --> getAllEmployeeByPage 0
2023-03-08 16:38:28.261  INFO 5092 --- [http-nio-auto-1-exec-1] com.project.service.EmployeeServiceImpl  : End: EmployeeServiceImpl --> getAllEmployeeByPage [Employee [id=1, name=Aniket, city=Belgaum], Employee [id=2, name=Ajinkya, city=Sangli]]
2023-03-08 16:38:28.262  INFO 5092 --- [http-nio-auto-1-exec-1] c.project.controller.EmployeeController  : End:EmployeeController --> getAllEmployeeByPage : Successfully fetched 0
2023-03-08 16:38:28.583  INFO 5092 --- [http-nio-auto-1-exec-2] c.project.controller.EmployeeController  : start:EmployeeController --> getEmpById 1
2023-03-08 16:38:28.583  INFO 5092 --- [http-nio-auto-1-exec-2] com.project.service.EmployeeServiceImpl  : start: EmployeeServiceImpl --> getById 1
2023-03-08 16:38:28.584  INFO 5092 --- [http-nio-auto-1-exec-2] com.project.service.EmployeeServiceImpl  : End: EmployeeServiceImpl --> getById 1
2023-03-08 16:38:28.732  INFO 5092 --- [http-nio-auto-1-exec-4] c.project.controller.EmployeeController  : start:EmployeeController --> getById 1
2023-03-08 16:38:28.732  INFO 5092 --- [http-nio-auto-1-exec-4] com.project.service.EmployeeServiceImpl  : start: EmployeeServiceImpl --> getById 1
2023-03-08 16:38:28.732  INFO 5092 --- [http-nio-auto-1-exec-4] com.project.service.EmployeeServiceImpl  : End: EmployeeServiceImpl --> getById 1
2023-03-08 16:38:28.763  INFO 5092 --- [http-nio-auto-1-exec-5] c.project.controller.EmployeeController  : start:EmployeeController --> deleteEmployeeById 1
2023-03-08 16:38:28.764  INFO 5092 --- [http-nio-auto-1-exec-5] com.project.service.EmployeeServiceImpl  : start: EmployeeServiceImpl --> deleteById 1
2023-03-08 16:38:28.814  INFO 5092 --- [http-nio-auto-1-exec-6] c.project.controller.EmployeeController  : start:EmployeeController --> getAllEmployeeBySorting 
2023-03-08 16:38:28.814  INFO 5092 --- [http-nio-auto-1-exec-6] com.project.service.EmployeeServiceImpl  : start: EmployeeServiceImpl --> getAllEmployeeBySorting
2023-03-08 16:38:28.826  INFO 5092 --- [http-nio-auto-1-exec-6] com.project.service.EmployeeServiceImpl  : End: EmployeeServiceImpl --> getAllEmployeeBySorting
2023-03-08 16:38:28.826  INFO 5092 --- [http-nio-auto-1-exec-6] c.project.controller.EmployeeController  : End:EmployeeController --> getAllEmployeeBySorting :Successfully fetched 
2023-03-08 16:38:28.863  INFO 5092 --- [http-nio-auto-1-exec-7] c.project.controller.EmployeeController  : start:EmployeeController --> getEmpByCityAndName Belgaum 
2023-03-08 16:38:28.885  INFO 5092 --- [http-nio-auto-1-exec-7] c.project.controller.EmployeeController  : End:EmployeeController --> getEmpByCityAndName [Employee [id=15, name=Aniket, city=Belgaum]] 
2023-03-08 16:38:28.951  INFO 5092 --- [http-nio-auto-1-exec-8] c.project.controller.EmployeeController  : start:EmployeeController --> addEmp
2023-03-08 16:38:28.951  INFO 5092 --- [http-nio-auto-1-exec-8] com.project.service.EmployeeServiceImpl  : start: EmployeeServiceImpl --> saveEmployee
2023-03-08 16:38:28.956  INFO 5092 --- [http-nio-auto-1-exec-8] com.project.service.EmployeeServiceImpl  : end: EmployeeServiceImpl --> saveEmployee : Employee saved Employee [id=17, name=Aniket, city=Belgaum]
2023-03-08 16:38:28.956  INFO 5092 --- [http-nio-auto-1-exec-8] c.project.controller.EmployeeController  : end:EmployeeController --> addEmp:Employee added Employee [id=17, name=Aniket, city=Belgaum]
2023-03-08 16:38:28.987  INFO 5092 --- [http-nio-auto-1-exec-9] c.project.controller.EmployeeController  : start:EmployeeController --> getAll
2023-03-08 16:38:28.987  INFO 5092 --- [http-nio-auto-1-exec-9] com.project.service.EmployeeServiceImpl  : start: EmployeeServiceImpl --> getAllEmployee
2023-03-08 16:38:28.990  INFO 5092 --- [http-nio-auto-1-exec-9] com.project.service.EmployeeServiceImpl  : End: EmployeeServiceImpl --> getAllEmployee
2023-03-08 16:38:28.991  INFO 5092 --- [http-nio-auto-1-exec-9] c.project.controller.EmployeeController  : End:EmployeeController --> getAll
2023-03-08 16:38:29.310  INFO 5092 --- [SpringApplicationShutdownHook] j.LocalContainerEntityManagerFactoryBean : Closing JPA EntityManagerFactory for persistence unit 'default'
2023-03-08 16:38:29.316  INFO 5092 --- [SpringApplicationShutdownHook] com.zaxxer.hikari.HikariDataSource       : HikariPool-1 - Shutdown initiated...
2023-03-08 16:38:29.325  INFO 5092 --- [SpringApplicationShutdownHook] com.zaxxer.hikari.HikariDataSource       : HikariPool-1 - Shutdown completed.
2023-03-08 16:40:16.772  INFO 31716 --- [main] c.p.controller.EmployeeControllerTest    : Starting EmployeeControllerTest using Java 1.8.0_241 on Akhilesh-Gargatte with PID 31716 (started by akhil in C:\Users\akhil\Documents\workspace-spring-tool-suite-4-4.17.2.RELEASE\SpringBootDemo2.1)
2023-03-08 16:40:16.774  INFO 31716 --- [main] c.p.controller.EmployeeControllerTest    : No active profile set, falling back to 1 default profile: "default"
2023-03-08 16:40:18.242  INFO 31716 --- [main] .s.d.r.c.RepositoryConfigurationDelegate : Bootstrapping Spring Data JPA repositories in DEFAULT mode.
2023-03-08 16:40:18.318  INFO 31716 --- [main] .s.d.r.c.RepositoryConfigurationDelegate : Finished Spring Data repository scanning in 62 ms. Found 1 JPA repository interfaces.
2023-03-08 16:40:19.968  INFO 31716 --- [main] o.s.b.w.embedded.tomcat.TomcatWebServer  : Tomcat initialized with port(s): 0 (http)
2023-03-08 16:40:19.984  INFO 31716 --- [main] o.apache.catalina.core.StandardService   : Starting service [Tomcat]
2023-03-08 16:40:19.985  INFO 31716 --- [main] org.apache.catalina.core.StandardEngine  : Starting Servlet engine: [Apache Tomcat/9.0.71]
2023-03-08 16:40:20.253  INFO 31716 --- [main] o.a.c.c.C.[Tomcat].[localhost].[/]       : Initializing Spring embedded WebApplicationContext
2023-03-08 16:40:20.254  INFO 31716 --- [main] w.s.c.ServletWebServerApplicationContext : Root WebApplicationContext: initialization completed in 3129 ms
2023-03-08 16:40:20.342  INFO 31716 --- [main] com.zaxxer.hikari.HikariDataSource       : HikariPool-1 - Starting...
2023-03-08 16:40:20.749  INFO 31716 --- [main] com.zaxxer.hikari.HikariDataSource       : HikariPool-1 - Start completed.
2023-03-08 16:40:20.772  INFO 31716 --- [main] o.s.b.a.h2.H2ConsoleAutoConfiguration    : H2 console available at '/h2-console'. Database available at 'jdbc:h2:mem:testdb'
2023-03-08 16:40:21.226  INFO 31716 --- [main] o.hibernate.jpa.internal.util.LogHelper  : HHH000204: Processing PersistenceUnitInfo [name: default]
2023-03-08 16:40:21.336  INFO 31716 --- [main] org.hibernate.Version                    : HHH000412: Hibernate ORM core version 5.6.14.Final
2023-03-08 16:40:21.627  INFO 31716 --- [main] o.hibernate.annotations.common.Version   : HCANN000001: Hibernate Commons Annotations {5.1.2.Final}
2023-03-08 16:40:21.789  INFO 31716 --- [main] org.hibernate.dialect.Dialect            : HHH000400: Using dialect: org.hibernate.dialect.MySQL8Dialect
2023-03-08 16:40:22.902  INFO 31716 --- [main] o.h.e.t.j.p.i.JtaPlatformInitiator       : HHH000490: Using JtaPlatform implementation: [org.hibernate.engine.transaction.jta.platform.internal.NoJtaPlatform]
2023-03-08 16:40:22.914  INFO 31716 --- [main] j.LocalContainerEntityManagerFactoryBean : Initialized JPA EntityManagerFactory for persistence unit 'default'
2023-03-08 16:40:23.998  WARN 31716 --- [main] JpaBaseConfiguration$JpaWebConfiguration : spring.jpa.open-in-view is enabled by default. Therefore, database queries may be performed during view rendering. Explicitly configure spring.jpa.open-in-view to disable this warning
2023-03-08 16:40:24.412  INFO 31716 --- [main] pertySourcedRequestMappingHandlerMapping : Mapped URL path [/v2/api-docs] onto method [springfox.documentation.swagger2.web.Swagger2Controller#getDocumentation(String, HttpServletRequest)]
2023-03-08 16:40:25.644  INFO 31716 --- [main] o.s.b.w.embedded.tomcat.TomcatWebServer  : Tomcat started on port(s): 64917 (http) with context path ''
2023-03-08 16:40:25.646  INFO 31716 --- [main] d.s.w.p.DocumentationPluginsBootstrapper : Context refreshed
2023-03-08 16:40:25.682  INFO 31716 --- [main] d.s.w.p.DocumentationPluginsBootstrapper : Found 1 custom documentation plugin(s)
2023-03-08 16:40:25.720  INFO 31716 --- [main] s.d.s.w.s.ApiListingReferenceScanner     : Scanning for api listing references
2023-03-08 16:40:25.979  INFO 31716 --- [main] c.p.controller.EmployeeControllerTest    : Started EmployeeControllerTest in 9.646 seconds (JVM running for 11.466)
2023-03-08 16:40:27.286  INFO 31716 --- [http-nio-auto-1-exec-1] o.a.c.c.C.[Tomcat].[localhost].[/]       : Initializing Spring DispatcherServlet 'dispatcherServlet'
2023-03-08 16:40:27.287  INFO 31716 --- [http-nio-auto-1-exec-1] o.s.web.servlet.DispatcherServlet        : Initializing Servlet 'dispatcherServlet'
2023-03-08 16:40:27.290  INFO 31716 --- [http-nio-auto-1-exec-1] o.s.web.servlet.DispatcherServlet        : Completed initialization in 3 ms
2023-03-08 16:40:27.344  INFO 31716 --- [http-nio-auto-1-exec-1] c.project.controller.EmployeeController  : start:EmployeeController --> deleteEmployeeById 1
2023-03-08 16:40:27.344  INFO 31716 --- [http-nio-auto-1-exec-1] com.project.service.EmployeeServiceImpl  : start: EmployeeServiceImpl --> deleteById 1
2023-03-08 16:40:27.380  INFO 31716 --- [http-nio-auto-1-exec-1] com.project.service.EmployeeServiceImpl  : End: EmployeeServiceImpl --> deleteById 1
2023-03-08 16:40:27.381  INFO 31716 --- [http-nio-auto-1-exec-1] c.project.controller.EmployeeController  : End:EmployeeController --> deleteEmployeeById : Employee deleted successfully 1
2023-03-08 16:40:27.750  INFO 31716 --- [SpringApplicationShutdownHook] j.LocalContainerEntityManagerFactoryBean : Closing JPA EntityManagerFactory for persistence unit 'default'
2023-03-08 16:40:27.752  INFO 31716 --- [SpringApplicationShutdownHook] com.zaxxer.hikari.HikariDataSource       : HikariPool-1 - Shutdown initiated...
2023-03-08 16:40:27.756  INFO 31716 --- [SpringApplicationShutdownHook] com.zaxxer.hikari.HikariDataSource       : HikariPool-1 - Shutdown completed.
2023-03-08 16:40:39.974  INFO 19812 --- [main] c.p.controller.EmployeeControllerTest    : Starting EmployeeControllerTest using Java 1.8.0_241 on Akhilesh-Gargatte with PID 19812 (started by akhil in C:\Users\akhil\Documents\workspace-spring-tool-suite-4-4.17.2.RELEASE\SpringBootDemo2.1)
2023-03-08 16:40:39.976  INFO 19812 --- [main] c.p.controller.EmployeeControllerTest    : No active profile set, falling back to 1 default profile: "default"
2023-03-08 16:40:41.509  INFO 19812 --- [main] .s.d.r.c.RepositoryConfigurationDelegate : Bootstrapping Spring Data JPA repositories in DEFAULT mode.
2023-03-08 16:40:41.583  INFO 19812 --- [main] .s.d.r.c.RepositoryConfigurationDelegate : Finished Spring Data repository scanning in 60 ms. Found 1 JPA repository interfaces.
2023-03-08 16:40:43.237  INFO 19812 --- [main] o.s.b.w.embedded.tomcat.TomcatWebServer  : Tomcat initialized with port(s): 0 (http)
2023-03-08 16:40:43.253  INFO 19812 --- [main] o.apache.catalina.core.StandardService   : Starting service [Tomcat]
2023-03-08 16:40:43.254  INFO 19812 --- [main] org.apache.catalina.core.StandardEngine  : Starting Servlet engine: [Apache Tomcat/9.0.71]
2023-03-08 16:40:43.533  INFO 19812 --- [main] o.a.c.c.C.[Tomcat].[localhost].[/]       : Initializing Spring embedded WebApplicationContext
2023-03-08 16:40:43.534  INFO 19812 --- [main] w.s.c.ServletWebServerApplicationContext : Root WebApplicationContext: initialization completed in 3159 ms
2023-03-08 16:40:43.630  INFO 19812 --- [main] com.zaxxer.hikari.HikariDataSource       : HikariPool-1 - Starting...
2023-03-08 16:40:44.026  INFO 19812 --- [main] com.zaxxer.hikari.HikariDataSource       : HikariPool-1 - Start completed.
2023-03-08 16:40:44.043  INFO 19812 --- [main] o.s.b.a.h2.H2ConsoleAutoConfiguration    : H2 console available at '/h2-console'. Database available at 'jdbc:h2:mem:testdb'
2023-03-08 16:40:44.534  INFO 19812 --- [main] o.hibernate.jpa.internal.util.LogHelper  : HHH000204: Processing PersistenceUnitInfo [name: default]
2023-03-08 16:40:44.632  INFO 19812 --- [main] org.hibernate.Version                    : HHH000412: Hibernate ORM core version 5.6.14.Final
2023-03-08 16:40:44.902  INFO 19812 --- [main] o.hibernate.annotations.common.Version   : HCANN000001: Hibernate Commons Annotations {5.1.2.Final}
2023-03-08 16:40:45.075  INFO 19812 --- [main] org.hibernate.dialect.Dialect            : HHH000400: Using dialect: org.hibernate.dialect.MySQL8Dialect
2023-03-08 16:40:46.199  INFO 19812 --- [main] o.h.e.t.j.p.i.JtaPlatformInitiator       : HHH000490: Using JtaPlatform implementation: [org.hibernate.engine.transaction.jta.platform.internal.NoJtaPlatform]
2023-03-08 16:40:46.211  INFO 19812 --- [main] j.LocalContainerEntityManagerFactoryBean : Initialized JPA EntityManagerFactory for persistence unit 'default'
2023-03-08 16:40:47.303  WARN 19812 --- [main] JpaBaseConfiguration$JpaWebConfiguration : spring.jpa.open-in-view is enabled by default. Therefore, database queries may be performed during view rendering. Explicitly configure spring.jpa.open-in-view to disable this warning
2023-03-08 16:40:47.708  INFO 19812 --- [main] pertySourcedRequestMappingHandlerMapping : Mapped URL path [/v2/api-docs] onto method [springfox.documentation.swagger2.web.Swagger2Controller#getDocumentation(String, HttpServletRequest)]
2023-03-08 16:40:49.144  INFO 19812 --- [main] o.s.b.w.embedded.tomcat.TomcatWebServer  : Tomcat started on port(s): 64927 (http) with context path ''
2023-03-08 16:40:49.146  INFO 19812 --- [main] d.s.w.p.DocumentationPluginsBootstrapper : Context refreshed
2023-03-08 16:40:49.194  INFO 19812 --- [main] d.s.w.p.DocumentationPluginsBootstrapper : Found 1 custom documentation plugin(s)
2023-03-08 16:40:49.244  INFO 19812 --- [main] s.d.s.w.s.ApiListingReferenceScanner     : Scanning for api listing references
2023-03-08 16:40:49.493  INFO 19812 --- [main] c.p.controller.EmployeeControllerTest    : Started EmployeeControllerTest in 10.011 seconds (JVM running for 11.83)
2023-03-08 16:40:50.964  INFO 19812 --- [http-nio-auto-1-exec-1] o.a.c.c.C.[Tomcat].[localhost].[/]       : Initializing Spring DispatcherServlet 'dispatcherServlet'
2023-03-08 16:40:50.964  INFO 19812 --- [http-nio-auto-1-exec-1] o.s.web.servlet.DispatcherServlet        : Initializing Servlet 'dispatcherServlet'
2023-03-08 16:40:50.966  INFO 19812 --- [http-nio-auto-1-exec-1] o.s.web.servlet.DispatcherServlet        : Completed initialization in 0 ms
2023-03-08 16:40:51.003  INFO 19812 --- [http-nio-auto-1-exec-1] c.project.controller.EmployeeController  : start:EmployeeController --> getAllEmployeeByPage 0
2023-03-08 16:40:51.003  INFO 19812 --- [http-nio-auto-1-exec-1] com.project.service.EmployeeServiceImpl  : start: EmployeeServiceImpl --> getAllEmployeeByPage 0
2023-03-08 16:40:51.031  INFO 19812 --- [http-nio-auto-1-exec-1] com.project.service.EmployeeServiceImpl  : End: EmployeeServiceImpl --> getAllEmployeeByPage [Employee [id=1, name=Aniket, city=Belgaum], Employee [id=2, name=Ajinkya, city=Sangli]]
2023-03-08 16:40:51.031  INFO 19812 --- [http-nio-auto-1-exec-1] c.project.controller.EmployeeController  : End:EmployeeController --> getAllEmployeeByPage : Successfully fetched 0
2023-03-08 16:40:51.355  INFO 19812 --- [http-nio-auto-1-exec-2] c.project.controller.EmployeeController  : start:EmployeeController --> getEmpById 1
2023-03-08 16:40:51.355  INFO 19812 --- [http-nio-auto-1-exec-2] com.project.service.EmployeeServiceImpl  : start: EmployeeServiceImpl --> getById 1
2023-03-08 16:40:51.355  INFO 19812 --- [http-nio-auto-1-exec-2] com.project.service.EmployeeServiceImpl  : End: EmployeeServiceImpl --> getById 1
2023-03-08 16:40:51.521  INFO 19812 --- [http-nio-auto-1-exec-4] c.project.controller.EmployeeController  : start:EmployeeController --> getById 1
2023-03-08 16:40:51.522  INFO 19812 --- [http-nio-auto-1-exec-4] com.project.service.EmployeeServiceImpl  : start: EmployeeServiceImpl --> getById 1
2023-03-08 16:40:51.522  INFO 19812 --- [http-nio-auto-1-exec-4] com.project.service.EmployeeServiceImpl  : End: EmployeeServiceImpl --> getById 1
2023-03-08 16:40:51.551  INFO 19812 --- [http-nio-auto-1-exec-5] c.project.controller.EmployeeController  : start:EmployeeController --> deleteEmployeeById 1
2023-03-08 16:40:51.551  INFO 19812 --- [http-nio-auto-1-exec-5] com.project.service.EmployeeServiceImpl  : start: EmployeeServiceImpl --> deleteById 1
2023-03-08 16:40:51.589  INFO 19812 --- [http-nio-auto-1-exec-6] c.project.controller.EmployeeController  : start:EmployeeController --> getAllEmployeeBySorting 
2023-03-08 16:40:51.590  INFO 19812 --- [http-nio-auto-1-exec-6] com.project.service.EmployeeServiceImpl  : start: EmployeeServiceImpl --> getAllEmployeeBySorting
2023-03-08 16:40:51.599  INFO 19812 --- [http-nio-auto-1-exec-6] com.project.service.EmployeeServiceImpl  : End: EmployeeServiceImpl --> getAllEmployeeBySorting
2023-03-08 16:40:51.599  INFO 19812 --- [http-nio-auto-1-exec-6] c.project.controller.EmployeeController  : End:EmployeeController --> getAllEmployeeBySorting :Successfully fetched 
2023-03-08 16:40:51.632  INFO 19812 --- [http-nio-auto-1-exec-7] c.project.controller.EmployeeController  : start:EmployeeController --> getEmpByCityAndName Belgaum 
2023-03-08 16:40:51.652  INFO 19812 --- [http-nio-auto-1-exec-7] c.project.controller.EmployeeController  : End:EmployeeController --> getEmpByCityAndName [Employee [id=14, name=Aniket, city=Belgaum]] 
2023-03-08 16:40:51.699  INFO 19812 --- [http-nio-auto-1-exec-8] c.project.controller.EmployeeController  : start:EmployeeController --> addEmp
2023-03-08 16:40:51.699  INFO 19812 --- [http-nio-auto-1-exec-8] com.project.service.EmployeeServiceImpl  : start: EmployeeServiceImpl --> saveEmployee
2023-03-08 16:40:51.702  INFO 19812 --- [http-nio-auto-1-exec-8] com.project.service.EmployeeServiceImpl  : end: EmployeeServiceImpl --> saveEmployee : Employee saved Employee [id=16, name=Aniket, city=Belgaum]
2023-03-08 16:40:51.702  INFO 19812 --- [http-nio-auto-1-exec-8] c.project.controller.EmployeeController  : end:EmployeeController --> addEmp:Employee added Employee [id=16, name=Aniket, city=Belgaum]
2023-03-08 16:40:51.723  INFO 19812 --- [http-nio-auto-1-exec-9] c.project.controller.EmployeeController  : start:EmployeeController --> getAll
2023-03-08 16:40:51.724  INFO 19812 --- [http-nio-auto-1-exec-9] com.project.service.EmployeeServiceImpl  : start: EmployeeServiceImpl --> getAllEmployee
2023-03-08 16:40:51.726  INFO 19812 --- [http-nio-auto-1-exec-9] com.project.service.EmployeeServiceImpl  : End: EmployeeServiceImpl --> getAllEmployee
2023-03-08 16:40:51.727  INFO 19812 --- [http-nio-auto-1-exec-9] c.project.controller.EmployeeController  : End:EmployeeController --> getAll
2023-03-08 16:40:52.006  INFO 19812 --- [SpringApplicationShutdownHook] j.LocalContainerEntityManagerFactoryBean : Closing JPA EntityManagerFactory for persistence unit 'default'
2023-03-08 16:40:52.009  INFO 19812 --- [SpringApplicationShutdownHook] com.zaxxer.hikari.HikariDataSource       : HikariPool-1 - Shutdown initiated...
2023-03-08 16:40:52.013  INFO 19812 --- [SpringApplicationShutdownHook] com.zaxxer.hikari.HikariDataSource       : HikariPool-1 - Shutdown completed.
2023-03-08 16:42:02.564  INFO 5096 --- [main] c.p.controller.EmployeeControllerTest    : Starting EmployeeControllerTest using Java 1.8.0_241 on Akhilesh-Gargatte with PID 5096 (started by akhil in C:\Users\akhil\Documents\workspace-spring-tool-suite-4-4.17.2.RELEASE\SpringBootDemo2.1)
2023-03-08 16:42:02.566  INFO 5096 --- [main] c.p.controller.EmployeeControllerTest    : No active profile set, falling back to 1 default profile: "default"
2023-03-08 16:42:03.952  INFO 5096 --- [main] .s.d.r.c.RepositoryConfigurationDelegate : Bootstrapping Spring Data JPA repositories in DEFAULT mode.
2023-03-08 16:42:04.025  INFO 5096 --- [main] .s.d.r.c.RepositoryConfigurationDelegate : Finished Spring Data repository scanning in 60 ms. Found 1 JPA repository interfaces.
2023-03-08 16:42:05.545  INFO 5096 --- [main] o.s.b.w.embedded.tomcat.TomcatWebServer  : Tomcat initialized with port(s): 0 (http)
2023-03-08 16:42:05.561  INFO 5096 --- [main] o.apache.catalina.core.StandardService   : Starting service [Tomcat]
2023-03-08 16:42:05.562  INFO 5096 --- [main] org.apache.catalina.core.StandardEngine  : Starting Servlet engine: [Apache Tomcat/9.0.71]
2023-03-08 16:42:05.838  INFO 5096 --- [main] o.a.c.c.C.[Tomcat].[localhost].[/]       : Initializing Spring embedded WebApplicationContext
2023-03-08 16:42:05.839  INFO 5096 --- [main] w.s.c.ServletWebServerApplicationContext : Root WebApplicationContext: initialization completed in 2942 ms
2023-03-08 16:42:05.916  INFO 5096 --- [main] com.zaxxer.hikari.HikariDataSource       : HikariPool-1 - Starting...
2023-03-08 16:42:06.358  INFO 5096 --- [main] com.zaxxer.hikari.HikariDataSource       : HikariPool-1 - Start completed.
2023-03-08 16:42:06.379  INFO 5096 --- [main] o.s.b.a.h2.H2ConsoleAutoConfiguration    : H2 console available at '/h2-console'. Database available at 'jdbc:h2:mem:testdb'
2023-03-08 16:42:06.844  INFO 5096 --- [main] o.hibernate.jpa.internal.util.LogHelper  : HHH000204: Processing PersistenceUnitInfo [name: default]
2023-03-08 16:42:06.928  INFO 5096 --- [main] org.hibernate.Version                    : HHH000412: Hibernate ORM core version 5.6.14.Final
2023-03-08 16:42:07.235  INFO 5096 --- [main] o.hibernate.annotations.common.Version   : HCANN000001: Hibernate Commons Annotations {5.1.2.Final}
2023-03-08 16:42:07.403  INFO 5096 --- [main] org.hibernate.dialect.Dialect            : HHH000400: Using dialect: org.hibernate.dialect.MySQL8Dialect
2023-03-08 16:42:08.471  INFO 5096 --- [main] o.h.e.t.j.p.i.JtaPlatformInitiator       : HHH000490: Using JtaPlatform implementation: [org.hibernate.engine.transaction.jta.platform.internal.NoJtaPlatform]
2023-03-08 16:42:08.483  INFO 5096 --- [main] j.LocalContainerEntityManagerFactoryBean : Initialized JPA EntityManagerFactory for persistence unit 'default'
2023-03-08 16:42:09.504  WARN 5096 --- [main] JpaBaseConfiguration$JpaWebConfiguration : spring.jpa.open-in-view is enabled by default. Therefore, database queries may be performed during view rendering. Explicitly configure spring.jpa.open-in-view to disable this warning
2023-03-08 16:42:09.899  INFO 5096 --- [main] pertySourcedRequestMappingHandlerMapping : Mapped URL path [/v2/api-docs] onto method [springfox.documentation.swagger2.web.Swagger2Controller#getDocumentation(String, HttpServletRequest)]
2023-03-08 16:42:11.161  INFO 5096 --- [main] o.s.b.w.embedded.tomcat.TomcatWebServer  : Tomcat started on port(s): 64948 (http) with context path ''
2023-03-08 16:42:11.163  INFO 5096 --- [main] d.s.w.p.DocumentationPluginsBootstrapper : Context refreshed
2023-03-08 16:42:11.196  INFO 5096 --- [main] d.s.w.p.DocumentationPluginsBootstrapper : Found 1 custom documentation plugin(s)
2023-03-08 16:42:11.245  INFO 5096 --- [main] s.d.s.w.s.ApiListingReferenceScanner     : Scanning for api listing references
2023-03-08 16:42:11.488  INFO 5096 --- [main] c.p.controller.EmployeeControllerTest    : Started EmployeeControllerTest in 9.393 seconds (JVM running for 11.044)
2023-03-08 16:42:12.761  INFO 5096 --- [http-nio-auto-1-exec-1] o.a.c.c.C.[Tomcat].[localhost].[/]       : Initializing Spring DispatcherServlet 'dispatcherServlet'
2023-03-08 16:42:12.762  INFO 5096 --- [http-nio-auto-1-exec-1] o.s.web.servlet.DispatcherServlet        : Initializing Servlet 'dispatcherServlet'
2023-03-08 16:42:12.763  INFO 5096 --- [http-nio-auto-1-exec-1] o.s.web.servlet.DispatcherServlet        : Completed initialization in 1 ms
2023-03-08 16:42:12.810  INFO 5096 --- [http-nio-auto-1-exec-1] c.project.controller.EmployeeController  : start:EmployeeController --> getAllEmployeeByPage 0
2023-03-08 16:42:12.811  INFO 5096 --- [http-nio-auto-1-exec-1] com.project.service.EmployeeServiceImpl  : start: EmployeeServiceImpl --> getAllEmployeeByPage 0
2023-03-08 16:42:12.843  INFO 5096 --- [http-nio-auto-1-exec-1] com.project.service.EmployeeServiceImpl  : End: EmployeeServiceImpl --> getAllEmployeeByPage [Employee [id=1, name=Aniket, city=Belgaum], Employee [id=2, name=Ajinkya, city=Sangli]]
2023-03-08 16:42:12.843  INFO 5096 --- [http-nio-auto-1-exec-1] c.project.controller.EmployeeController  : End:EmployeeController --> getAllEmployeeByPage : Successfully fetched 0
2023-03-08 16:42:13.148  INFO 5096 --- [http-nio-auto-1-exec-2] c.project.controller.EmployeeController  : start:EmployeeController --> getEmpById 1
2023-03-08 16:42:13.148  INFO 5096 --- [http-nio-auto-1-exec-2] com.project.service.EmployeeServiceImpl  : start: EmployeeServiceImpl --> getById 1
2023-03-08 16:42:13.148  INFO 5096 --- [http-nio-auto-1-exec-2] com.project.service.EmployeeServiceImpl  : End: EmployeeServiceImpl --> getById 1
2023-03-08 16:42:13.261  INFO 5096 --- [http-nio-auto-1-exec-4] c.project.controller.EmployeeController  : start:EmployeeController --> getById 1
2023-03-08 16:42:13.261  INFO 5096 --- [http-nio-auto-1-exec-4] com.project.service.EmployeeServiceImpl  : start: EmployeeServiceImpl --> getById 1
2023-03-08 16:42:13.261  INFO 5096 --- [http-nio-auto-1-exec-4] com.project.service.EmployeeServiceImpl  : End: EmployeeServiceImpl --> getById 1
2023-03-08 16:42:13.316  INFO 5096 --- [http-nio-auto-1-exec-5] c.project.controller.EmployeeController  : start:EmployeeController --> deleteEmployeeById 1
2023-03-08 16:42:13.317  INFO 5096 --- [http-nio-auto-1-exec-5] com.project.service.EmployeeServiceImpl  : start: EmployeeServiceImpl --> deleteById 1
2023-03-08 16:42:13.360  INFO 5096 --- [http-nio-auto-1-exec-6] c.project.controller.EmployeeController  : start:EmployeeController --> getAllEmployeeBySorting 
2023-03-08 16:42:13.360  INFO 5096 --- [http-nio-auto-1-exec-6] com.project.service.EmployeeServiceImpl  : start: EmployeeServiceImpl --> getAllEmployeeBySorting
2023-03-08 16:42:13.370  INFO 5096 --- [http-nio-auto-1-exec-6] com.project.service.EmployeeServiceImpl  : End: EmployeeServiceImpl --> getAllEmployeeBySorting
2023-03-08 16:42:13.370  INFO 5096 --- [http-nio-auto-1-exec-6] c.project.controller.EmployeeController  : End:EmployeeController --> getAllEmployeeBySorting :Successfully fetched 
2023-03-08 16:42:13.402  INFO 5096 --- [http-nio-auto-1-exec-7] c.project.controller.EmployeeController  : start:EmployeeController --> getEmpByCityAndName Belgaum 
2023-03-08 16:42:13.418  INFO 5096 --- [http-nio-auto-1-exec-7] c.project.controller.EmployeeController  : End:EmployeeController --> getEmpByCityAndName [Employee [id=14, name=Aniket, city=Belgaum]] 
2023-03-08 16:42:13.467  INFO 5096 --- [http-nio-auto-1-exec-8] c.project.controller.EmployeeController  : start:EmployeeController --> addEmp
2023-03-08 16:42:13.468  INFO 5096 --- [http-nio-auto-1-exec-8] com.project.service.EmployeeServiceImpl  : start: EmployeeServiceImpl --> saveEmployee
2023-03-08 16:42:13.471  INFO 5096 --- [http-nio-auto-1-exec-8] com.project.service.EmployeeServiceImpl  : end: EmployeeServiceImpl --> saveEmployee : Employee saved Employee [id=16, name=Aniket, city=Belgaum]
2023-03-08 16:42:13.471  INFO 5096 --- [http-nio-auto-1-exec-8] c.project.controller.EmployeeController  : end:EmployeeController --> addEmp:Employee added Employee [id=16, name=Aniket, city=Belgaum]
2023-03-08 16:42:13.498  INFO 5096 --- [http-nio-auto-1-exec-9] c.project.controller.EmployeeController  : start:EmployeeController --> getAll
2023-03-08 16:42:13.498  INFO 5096 --- [http-nio-auto-1-exec-9] com.project.service.EmployeeServiceImpl  : start: EmployeeServiceImpl --> getAllEmployee
2023-03-08 16:42:13.501  INFO 5096 --- [http-nio-auto-1-exec-9] com.project.service.EmployeeServiceImpl  : End: EmployeeServiceImpl --> getAllEmployee
2023-03-08 16:42:13.501  INFO 5096 --- [http-nio-auto-1-exec-9] c.project.controller.EmployeeController  : End:EmployeeController --> getAll
2023-03-08 16:42:13.817  INFO 5096 --- [SpringApplicationShutdownHook] j.LocalContainerEntityManagerFactoryBean : Closing JPA EntityManagerFactory for persistence unit 'default'
2023-03-08 16:42:13.820  INFO 5096 --- [SpringApplicationShutdownHook] com.zaxxer.hikari.HikariDataSource       : HikariPool-1 - Shutdown initiated...
2023-03-08 16:42:13.824  INFO 5096 --- [SpringApplicationShutdownHook] com.zaxxer.hikari.HikariDataSource       : HikariPool-1 - Shutdown completed.
2023-03-08 16:42:32.132  INFO 20396 --- [main] c.p.controller.EmployeeControllerTest    : Starting EmployeeControllerTest using Java 1.8.0_241 on Akhilesh-Gargatte with PID 20396 (started by akhil in C:\Users\akhil\Documents\workspace-spring-tool-suite-4-4.17.2.RELEASE\SpringBootDemo2.1)
2023-03-08 16:42:32.134  INFO 20396 --- [main] c.p.controller.EmployeeControllerTest    : No active profile set, falling back to 1 default profile: "default"
2023-03-08 16:42:33.644  INFO 20396 --- [main] .s.d.r.c.RepositoryConfigurationDelegate : Bootstrapping Spring Data JPA repositories in DEFAULT mode.
2023-03-08 16:42:33.719  INFO 20396 --- [main] .s.d.r.c.RepositoryConfigurationDelegate : Finished Spring Data repository scanning in 61 ms. Found 1 JPA repository interfaces.
2023-03-08 16:42:35.280  INFO 20396 --- [main] o.s.b.w.embedded.tomcat.TomcatWebServer  : Tomcat initialized with port(s): 0 (http)
2023-03-08 16:42:35.296  INFO 20396 --- [main] o.apache.catalina.core.StandardService   : Starting service [Tomcat]
2023-03-08 16:42:35.297  INFO 20396 --- [main] org.apache.catalina.core.StandardEngine  : Starting Servlet engine: [Apache Tomcat/9.0.71]
2023-03-08 16:42:35.597  INFO 20396 --- [main] o.a.c.c.C.[Tomcat].[localhost].[/]       : Initializing Spring embedded WebApplicationContext
2023-03-08 16:42:35.598  INFO 20396 --- [main] w.s.c.ServletWebServerApplicationContext : Root WebApplicationContext: initialization completed in 3108 ms
2023-03-08 16:42:35.693  INFO 20396 --- [main] com.zaxxer.hikari.HikariDataSource       : HikariPool-1 - Starting...
2023-03-08 16:42:36.146  INFO 20396 --- [main] com.zaxxer.hikari.HikariDataSource       : HikariPool-1 - Start completed.
2023-03-08 16:42:36.164  INFO 20396 --- [main] o.s.b.a.h2.H2ConsoleAutoConfiguration    : H2 console available at '/h2-console'. Database available at 'jdbc:h2:mem:testdb'
2023-03-08 16:42:36.580  INFO 20396 --- [main] o.hibernate.jpa.internal.util.LogHelper  : HHH000204: Processing PersistenceUnitInfo [name: default]
2023-03-08 16:42:36.681  INFO 20396 --- [main] org.hibernate.Version                    : HHH000412: Hibernate ORM core version 5.6.14.Final
2023-03-08 16:42:36.990  INFO 20396 --- [main] o.hibernate.annotations.common.Version   : HCANN000001: Hibernate Commons Annotations {5.1.2.Final}
2023-03-08 16:42:37.195  INFO 20396 --- [main] org.hibernate.dialect.Dialect            : HHH000400: Using dialect: org.hibernate.dialect.MySQL8Dialect
2023-03-08 16:42:38.409  INFO 20396 --- [main] o.h.e.t.j.p.i.JtaPlatformInitiator       : HHH000490: Using JtaPlatform implementation: [org.hibernate.engine.transaction.jta.platform.internal.NoJtaPlatform]
2023-03-08 16:42:38.422  INFO 20396 --- [main] j.LocalContainerEntityManagerFactoryBean : Initialized JPA EntityManagerFactory for persistence unit 'default'
2023-03-08 16:42:39.467  WARN 20396 --- [main] JpaBaseConfiguration$JpaWebConfiguration : spring.jpa.open-in-view is enabled by default. Therefore, database queries may be performed during view rendering. Explicitly configure spring.jpa.open-in-view to disable this warning
2023-03-08 16:42:39.892  INFO 20396 --- [main] pertySourcedRequestMappingHandlerMapping : Mapped URL path [/v2/api-docs] onto method [springfox.documentation.swagger2.web.Swagger2Controller#getDocumentation(String, HttpServletRequest)]
2023-03-08 16:42:41.301  INFO 20396 --- [main] o.s.b.w.embedded.tomcat.TomcatWebServer  : Tomcat started on port(s): 64963 (http) with context path ''
2023-03-08 16:42:41.303  INFO 20396 --- [main] d.s.w.p.DocumentationPluginsBootstrapper : Context refreshed
2023-03-08 16:42:41.323  INFO 20396 --- [main] d.s.w.p.DocumentationPluginsBootstrapper : Found 1 custom documentation plugin(s)
2023-03-08 16:42:41.364  INFO 20396 --- [main] s.d.s.w.s.ApiListingReferenceScanner     : Scanning for api listing references
2023-03-08 16:42:41.601  INFO 20396 --- [main] c.p.controller.EmployeeControllerTest    : Started EmployeeControllerTest in 9.923 seconds (JVM running for 11.714)
2023-03-08 16:42:42.965  INFO 20396 --- [http-nio-auto-1-exec-1] o.a.c.c.C.[Tomcat].[localhost].[/]       : Initializing Spring DispatcherServlet 'dispatcherServlet'
2023-03-08 16:42:42.966  INFO 20396 --- [http-nio-auto-1-exec-1] o.s.web.servlet.DispatcherServlet        : Initializing Servlet 'dispatcherServlet'
2023-03-08 16:42:42.969  INFO 20396 --- [http-nio-auto-1-exec-1] o.s.web.servlet.DispatcherServlet        : Completed initialization in 2 ms
2023-03-08 16:42:43.021  INFO 20396 --- [http-nio-auto-1-exec-1] c.project.controller.EmployeeController  : start:EmployeeController --> deleteEmployeeById 1
2023-03-08 16:42:43.022  INFO 20396 --- [http-nio-auto-1-exec-1] com.project.service.EmployeeServiceImpl  : start: EmployeeServiceImpl --> deleteById 1
2023-03-08 16:42:43.062  INFO 20396 --- [http-nio-auto-1-exec-1] com.project.service.EmployeeServiceImpl  : End: EmployeeServiceImpl --> deleteById 1
2023-03-08 16:42:43.062  INFO 20396 --- [http-nio-auto-1-exec-1] c.project.controller.EmployeeController  : End:EmployeeController --> deleteEmployeeById : Employee deleted successfully 1
2023-03-08 16:42:43.526  INFO 20396 --- [SpringApplicationShutdownHook] j.LocalContainerEntityManagerFactoryBean : Closing JPA EntityManagerFactory for persistence unit 'default'
2023-03-08 16:42:43.532  INFO 20396 --- [SpringApplicationShutdownHook] com.zaxxer.hikari.HikariDataSource       : HikariPool-1 - Shutdown initiated...
2023-03-08 16:42:43.535  INFO 20396 --- [SpringApplicationShutdownHook] com.zaxxer.hikari.HikariDataSource       : HikariPool-1 - Shutdown completed.
2023-03-08 16:43:48.444  INFO 24096 --- [main] c.p.controller.EmployeeControllerTest    : Starting EmployeeControllerTest using Java 1.8.0_241 on Akhilesh-Gargatte with PID 24096 (started by akhil in C:\Users\akhil\Documents\workspace-spring-tool-suite-4-4.17.2.RELEASE\SpringBootDemo2.1)
2023-03-08 16:43:48.446  INFO 24096 --- [main] c.p.controller.EmployeeControllerTest    : No active profile set, falling back to 1 default profile: "default"
2023-03-08 16:43:49.860  INFO 24096 --- [main] .s.d.r.c.RepositoryConfigurationDelegate : Bootstrapping Spring Data JPA repositories in DEFAULT mode.
2023-03-08 16:43:49.932  INFO 24096 --- [main] .s.d.r.c.RepositoryConfigurationDelegate : Finished Spring Data repository scanning in 60 ms. Found 1 JPA repository interfaces.
2023-03-08 16:43:51.571  INFO 24096 --- [main] o.s.b.w.embedded.tomcat.TomcatWebServer  : Tomcat initialized with port(s): 0 (http)
2023-03-08 16:43:51.588  INFO 24096 --- [main] o.apache.catalina.core.StandardService   : Starting service [Tomcat]
2023-03-08 16:43:51.589  INFO 24096 --- [main] org.apache.catalina.core.StandardEngine  : Starting Servlet engine: [Apache Tomcat/9.0.71]
2023-03-08 16:43:51.880  INFO 24096 --- [main] o.a.c.c.C.[Tomcat].[localhost].[/]       : Initializing Spring embedded WebApplicationContext
2023-03-08 16:43:51.881  INFO 24096 --- [main] w.s.c.ServletWebServerApplicationContext : Root WebApplicationContext: initialization completed in 3114 ms
2023-03-08 16:43:51.963  INFO 24096 --- [main] com.zaxxer.hikari.HikariDataSource       : HikariPool-1 - Starting...
2023-03-08 16:43:52.445  INFO 24096 --- [main] com.zaxxer.hikari.HikariDataSource       : HikariPool-1 - Start completed.
2023-03-08 16:43:52.463  INFO 24096 --- [main] o.s.b.a.h2.H2ConsoleAutoConfiguration    : H2 console available at '/h2-console'. Database available at 'jdbc:h2:mem:testdb'
2023-03-08 16:43:52.888  INFO 24096 --- [main] o.hibernate.jpa.internal.util.LogHelper  : HHH000204: Processing PersistenceUnitInfo [name: default]
2023-03-08 16:43:53.025  INFO 24096 --- [main] org.hibernate.Version                    : HHH000412: Hibernate ORM core version 5.6.14.Final
2023-03-08 16:43:53.332  INFO 24096 --- [main] o.hibernate.annotations.common.Version   : HCANN000001: Hibernate Commons Annotations {5.1.2.Final}
2023-03-08 16:43:53.509  INFO 24096 --- [main] org.hibernate.dialect.Dialect            : HHH000400: Using dialect: org.hibernate.dialect.MySQL8Dialect
2023-03-08 16:43:54.682  INFO 24096 --- [main] o.h.e.t.j.p.i.JtaPlatformInitiator       : HHH000490: Using JtaPlatform implementation: [org.hibernate.engine.transaction.jta.platform.internal.NoJtaPlatform]
2023-03-08 16:43:54.695  INFO 24096 --- [main] j.LocalContainerEntityManagerFactoryBean : Initialized JPA EntityManagerFactory for persistence unit 'default'
2023-03-08 16:43:55.792  WARN 24096 --- [main] JpaBaseConfiguration$JpaWebConfiguration : spring.jpa.open-in-view is enabled by default. Therefore, database queries may be performed during view rendering. Explicitly configure spring.jpa.open-in-view to disable this warning
2023-03-08 16:43:56.252  INFO 24096 --- [main] pertySourcedRequestMappingHandlerMapping : Mapped URL path [/v2/api-docs] onto method [springfox.documentation.swagger2.web.Swagger2Controller#getDocumentation(String, HttpServletRequest)]
2023-03-08 16:43:57.569  INFO 24096 --- [main] o.s.b.w.embedded.tomcat.TomcatWebServer  : Tomcat started on port(s): 64972 (http) with context path ''
2023-03-08 16:43:57.571  INFO 24096 --- [main] d.s.w.p.DocumentationPluginsBootstrapper : Context refreshed
2023-03-08 16:43:57.610  INFO 24096 --- [main] d.s.w.p.DocumentationPluginsBootstrapper : Found 1 custom documentation plugin(s)
2023-03-08 16:43:57.666  INFO 24096 --- [main] s.d.s.w.s.ApiListingReferenceScanner     : Scanning for api listing references
2023-03-08 16:43:57.950  INFO 24096 --- [main] c.p.controller.EmployeeControllerTest    : Started EmployeeControllerTest in 9.968 seconds (JVM running for 11.754)
2023-03-08 16:43:59.355  INFO 24096 --- [http-nio-auto-1-exec-1] o.a.c.c.C.[Tomcat].[localhost].[/]       : Initializing Spring DispatcherServlet 'dispatcherServlet'
2023-03-08 16:43:59.356  INFO 24096 --- [http-nio-auto-1-exec-1] o.s.web.servlet.DispatcherServlet        : Initializing Servlet 'dispatcherServlet'
2023-03-08 16:43:59.357  INFO 24096 --- [http-nio-auto-1-exec-1] o.s.web.servlet.DispatcherServlet        : Completed initialization in 1 ms
2023-03-08 16:43:59.400  INFO 24096 --- [http-nio-auto-1-exec-1] c.project.controller.EmployeeController  : start:EmployeeController --> getAllEmployeeByPage 0
2023-03-08 16:43:59.401  INFO 24096 --- [http-nio-auto-1-exec-1] com.project.service.EmployeeServiceImpl  : start: EmployeeServiceImpl --> getAllEmployeeByPage 0
2023-03-08 16:43:59.418  INFO 24096 --- [http-nio-auto-1-exec-1] com.project.service.EmployeeServiceImpl  : End: EmployeeServiceImpl --> getAllEmployeeByPage [Employee [id=1, name=Aniket, city=Belgaum], Employee [id=2, name=Ajinkya, city=Sangli]]
2023-03-08 16:43:59.418  INFO 24096 --- [http-nio-auto-1-exec-1] c.project.controller.EmployeeController  : End:EmployeeController --> getAllEmployeeByPage : Successfully fetched 0
2023-03-08 16:43:59.662  INFO 24096 --- [http-nio-auto-1-exec-2] c.project.controller.EmployeeController  : start:EmployeeController --> getEmpById 1
2023-03-08 16:43:59.662  INFO 24096 --- [http-nio-auto-1-exec-2] com.project.service.EmployeeServiceImpl  : start: EmployeeServiceImpl --> getById 1
2023-03-08 16:43:59.662  INFO 24096 --- [http-nio-auto-1-exec-2] com.project.service.EmployeeServiceImpl  : End: EmployeeServiceImpl --> getById 1
2023-03-08 16:43:59.775  INFO 24096 --- [http-nio-auto-1-exec-4] c.project.controller.EmployeeController  : start:EmployeeController --> getById 1
2023-03-08 16:43:59.775  INFO 24096 --- [http-nio-auto-1-exec-4] com.project.service.EmployeeServiceImpl  : start: EmployeeServiceImpl --> getById 1
2023-03-08 16:43:59.775  INFO 24096 --- [http-nio-auto-1-exec-4] com.project.service.EmployeeServiceImpl  : End: EmployeeServiceImpl --> getById 1
2023-03-08 16:43:59.799  INFO 24096 --- [http-nio-auto-1-exec-5] c.project.controller.EmployeeController  : start:EmployeeController --> deleteEmployeeById 1
2023-03-08 16:43:59.799  INFO 24096 --- [http-nio-auto-1-exec-5] com.project.service.EmployeeServiceImpl  : start: EmployeeServiceImpl --> deleteById 1
2023-03-08 16:43:59.843  INFO 24096 --- [http-nio-auto-1-exec-6] c.project.controller.EmployeeController  : start:EmployeeController --> getAllEmployeeBySorting 
2023-03-08 16:43:59.844  INFO 24096 --- [http-nio-auto-1-exec-6] com.project.service.EmployeeServiceImpl  : start: EmployeeServiceImpl --> getAllEmployeeBySorting
2023-03-08 16:43:59.853  INFO 24096 --- [http-nio-auto-1-exec-6] com.project.service.EmployeeServiceImpl  : End: EmployeeServiceImpl --> getAllEmployeeBySorting
2023-03-08 16:43:59.853  INFO 24096 --- [http-nio-auto-1-exec-6] c.project.controller.EmployeeController  : End:EmployeeController --> getAllEmployeeBySorting :Successfully fetched 
2023-03-08 16:43:59.884  INFO 24096 --- [http-nio-auto-1-exec-7] c.project.controller.EmployeeController  : start:EmployeeController --> getEmpByCityAndName Belgaum 
2023-03-08 16:43:59.898  INFO 24096 --- [http-nio-auto-1-exec-7] c.project.controller.EmployeeController  : End:EmployeeController --> getEmpByCityAndName [Employee [id=14, name=Aniket, city=Belgaum]] 
2023-03-08 16:43:59.945  INFO 24096 --- [http-nio-auto-1-exec-8] c.project.controller.EmployeeController  : start:EmployeeController --> addEmp
2023-03-08 16:43:59.945  INFO 24096 --- [http-nio-auto-1-exec-8] com.project.service.EmployeeServiceImpl  : start: EmployeeServiceImpl --> saveEmployee
2023-03-08 16:43:59.948  INFO 24096 --- [http-nio-auto-1-exec-8] com.project.service.EmployeeServiceImpl  : end: EmployeeServiceImpl --> saveEmployee : Employee saved Employee [id=16, name=Aniket, city=Belgaum]
2023-03-08 16:43:59.948  INFO 24096 --- [http-nio-auto-1-exec-8] c.project.controller.EmployeeController  : end:EmployeeController --> addEmp:Employee added Employee [id=16, name=Aniket, city=Belgaum]
2023-03-08 16:43:59.969  INFO 24096 --- [http-nio-auto-1-exec-9] c.project.controller.EmployeeController  : start:EmployeeController --> getAll
2023-03-08 16:43:59.969  INFO 24096 --- [http-nio-auto-1-exec-9] com.project.service.EmployeeServiceImpl  : start: EmployeeServiceImpl --> getAllEmployee
2023-03-08 16:43:59.970  INFO 24096 --- [http-nio-auto-1-exec-9] com.project.service.EmployeeServiceImpl  : End: EmployeeServiceImpl --> getAllEmployee
2023-03-08 16:43:59.971  INFO 24096 --- [http-nio-auto-1-exec-9] c.project.controller.EmployeeController  : End:EmployeeController --> getAll
2023-03-08 16:44:00.253  INFO 24096 --- [SpringApplicationShutdownHook] j.LocalContainerEntityManagerFactoryBean : Closing JPA EntityManagerFactory for persistence unit 'default'
2023-03-08 16:44:00.258  INFO 24096 --- [SpringApplicationShutdownHook] com.zaxxer.hikari.HikariDataSource       : HikariPool-1 - Shutdown initiated...
2023-03-08 16:44:00.262  INFO 24096 --- [SpringApplicationShutdownHook] com.zaxxer.hikari.HikariDataSource       : HikariPool-1 - Shutdown completed.
