2023-03-24 09:47:23.712  INFO 21812 --- [main] com.project.Application                  : Starting Application using Java 1.8.0_241 on Akhilesh-Gargatte with PID 21812 (C:\Users\akhil\Documents\workspace-spring-tool-suite-4-4.17.2.RELEASE\SpringBootDemo2.1\target\classes started by akhil in C:\Users\akhil\Documents\workspace-spring-tool-suite-4-4.17.2.RELEASE\SpringBootDemo2.1)
2023-03-24 09:47:23.724  INFO 21812 --- [main] com.project.Application                  : No active profile set, falling back to 1 default profile: "default"
2023-03-24 09:47:25.007  INFO 21812 --- [main] .s.d.r.c.RepositoryConfigurationDelegate : Bootstrapping Spring Data JPA repositories in DEFAULT mode.
2023-03-24 09:47:25.115  INFO 21812 --- [main] .s.d.r.c.RepositoryConfigurationDelegate : Finished Spring Data repository scanning in 84 ms. Found 1 JPA repository interfaces.
2023-03-24 09:47:25.971  INFO 21812 --- [main] o.s.b.w.embedded.tomcat.TomcatWebServer  : Tomcat initialized with port(s): 8080 (http)
2023-03-24 09:47:25.989  INFO 21812 --- [main] o.apache.catalina.core.StandardService   : Starting service [Tomcat]
2023-03-24 09:47:25.990  INFO 21812 --- [main] org.apache.catalina.core.StandardEngine  : Starting Servlet engine: [Apache Tomcat/9.0.71]
2023-03-24 09:47:26.274  INFO 21812 --- [main] o.a.c.c.C.[Tomcat].[localhost].[/]       : Initializing Spring embedded WebApplicationContext
2023-03-24 09:47:26.275  INFO 21812 --- [main] w.s.c.ServletWebServerApplicationContext : Root WebApplicationContext: initialization completed in 2477 ms
2023-03-24 09:47:26.630  INFO 21812 --- [main] o.hibernate.jpa.internal.util.LogHelper  : HHH000204: Processing PersistenceUnitInfo [name: default]
2023-03-24 09:47:26.813  INFO 21812 --- [main] org.hibernate.Version                    : HHH000412: Hibernate ORM core version 5.6.14.Final
2023-03-24 09:47:27.098  INFO 21812 --- [main] o.hibernate.annotations.common.Version   : HCANN000001: Hibernate Commons Annotations {5.1.2.Final}
2023-03-24 09:47:27.345  INFO 21812 --- [main] com.zaxxer.hikari.HikariDataSource       : HikariPool-1 - Starting...
2023-03-24 09:47:28.591  INFO 21812 --- [main] com.zaxxer.hikari.HikariDataSource       : HikariPool-1 - Start completed.
2023-03-24 09:47:28.648  INFO 21812 --- [main] org.hibernate.dialect.Dialect            : HHH000400: Using dialect: org.hibernate.dialect.MySQL8Dialect
2023-03-24 09:47:29.745  INFO 21812 --- [main] o.h.e.t.j.p.i.JtaPlatformInitiator       : HHH000490: Using JtaPlatform implementation: [org.hibernate.engine.transaction.jta.platform.internal.NoJtaPlatform]
2023-03-24 09:47:29.760  INFO 21812 --- [main] j.LocalContainerEntityManagerFactoryBean : Initialized JPA EntityManagerFactory for persistence unit 'default'
2023-03-24 09:47:30.561  WARN 21812 --- [main] JpaBaseConfiguration$JpaWebConfiguration : spring.jpa.open-in-view is enabled by default. Therefore, database queries may be performed during view rendering. Explicitly configure spring.jpa.open-in-view to disable this warning
2023-03-24 09:47:30.835  INFO 21812 --- [main] pertySourcedRequestMappingHandlerMapping : Mapped URL path [/v2/api-docs] onto method [springfox.documentation.swagger2.web.Swagger2Controller#getDocumentation(String, HttpServletRequest)]
2023-03-24 09:47:31.483  INFO 21812 --- [main] o.s.b.w.embedded.tomcat.TomcatWebServer  : Tomcat started on port(s): 8080 (http) with context path ''
2023-03-24 09:47:31.484  INFO 21812 --- [main] d.s.w.p.DocumentationPluginsBootstrapper : Context refreshed
2023-03-24 09:47:31.524  INFO 21812 --- [main] d.s.w.p.DocumentationPluginsBootstrapper : Found 1 custom documentation plugin(s)
2023-03-24 09:47:31.579  INFO 21812 --- [main] s.d.s.w.s.ApiListingReferenceScanner     : Scanning for api listing references
2023-03-24 09:47:31.931  INFO 21812 --- [main] com.project.Application                  : Started Application in 8.998 seconds (JVM running for 10.542)
2023-03-24 09:47:39.053  INFO 21812 --- [RMI TCP Connection(8)-127.0.0.1] inMXBeanRegistrar$SpringApplicationAdmin : Application shutdown requested.
2023-03-24 09:47:39.495  INFO 21812 --- [RMI TCP Connection(8)-127.0.0.1] o.apache.catalina.core.StandardService   : Stopping service [Tomcat]
2023-03-24 09:47:39.514  INFO 21812 --- [RMI TCP Connection(8)-127.0.0.1] j.LocalContainerEntityManagerFactoryBean : Closing JPA EntityManagerFactory for persistence unit 'default'
2023-03-24 09:47:39.518  INFO 21812 --- [RMI TCP Connection(8)-127.0.0.1] com.zaxxer.hikari.HikariDataSource       : HikariPool-1 - Shutdown initiated...
2023-03-24 09:47:39.531  INFO 21812 --- [RMI TCP Connection(8)-127.0.0.1] com.zaxxer.hikari.HikariDataSource       : HikariPool-1 - Shutdown completed.
