2023-03-06 07:28:11.709  INFO 19652 --- [main] com.project.Application                  : Starting Application using Java 1.8.0_241 on Akhilesh-Gargatte with PID 19652 (C:\Users\akhil\Documents\workspace-spring-tool-suite-4-4.17.2.RELEASE\SpringBootDemo2.1\target\classes started by akhil in C:\Users\akhil\Documents\workspace-spring-tool-suite-4-4.17.2.RELEASE\SpringBootDemo2.1)
2023-03-06 07:28:11.719  INFO 19652 --- [main] com.project.Application                  : No active profile set, falling back to 1 default profile: "default"
2023-03-06 07:28:13.001  INFO 19652 --- [main] .s.d.r.c.RepositoryConfigurationDelegate : Bootstrapping Spring Data JPA repositories in DEFAULT mode.
2023-03-06 07:28:13.077  INFO 19652 --- [main] .s.d.r.c.RepositoryConfigurationDelegate : Finished Spring Data repository scanning in 60 ms. Found 1 JPA repository interfaces.
2023-03-06 07:28:13.826  INFO 19652 --- [main] o.s.b.w.embedded.tomcat.TomcatWebServer  : Tomcat initialized with port(s): 8080 (http)
2023-03-06 07:28:13.843  INFO 19652 --- [main] o.apache.catalina.core.StandardService   : Starting service [Tomcat]
2023-03-06 07:28:13.843  INFO 19652 --- [main] org.apache.catalina.core.StandardEngine  : Starting Servlet engine: [Apache Tomcat/9.0.71]
2023-03-06 07:28:14.110  INFO 19652 --- [main] o.a.c.c.C.[Tomcat].[localhost].[/]       : Initializing Spring embedded WebApplicationContext
2023-03-06 07:28:14.110  INFO 19652 --- [main] w.s.c.ServletWebServerApplicationContext : Root WebApplicationContext: initialization completed in 2315 ms
2023-03-06 07:28:14.486  INFO 19652 --- [main] o.hibernate.jpa.internal.util.LogHelper  : HHH000204: Processing PersistenceUnitInfo [name: default]
2023-03-06 07:28:14.574  INFO 19652 --- [main] org.hibernate.Version                    : HHH000412: Hibernate ORM core version 5.6.14.Final
2023-03-06 07:28:14.847  INFO 19652 --- [main] o.hibernate.annotations.common.Version   : HCANN000001: Hibernate Commons Annotations {5.1.2.Final}
2023-03-06 07:28:15.024  INFO 19652 --- [main] com.zaxxer.hikari.HikariDataSource       : HikariPool-1 - Starting...
2023-03-06 07:28:15.938  INFO 19652 --- [main] com.zaxxer.hikari.HikariDataSource       : HikariPool-1 - Start completed.
2023-03-06 07:28:15.972  INFO 19652 --- [main] org.hibernate.dialect.Dialect            : HHH000400: Using dialect: org.hibernate.dialect.MySQL8Dialect
2023-03-06 07:28:16.899  INFO 19652 --- [main] o.h.e.t.j.p.i.JtaPlatformInitiator       : HHH000490: Using JtaPlatform implementation: [org.hibernate.engine.transaction.jta.platform.internal.NoJtaPlatform]
2023-03-06 07:28:16.913  INFO 19652 --- [main] j.LocalContainerEntityManagerFactoryBean : Initialized JPA EntityManagerFactory for persistence unit 'default'
2023-03-06 07:28:17.936  WARN 19652 --- [main] JpaBaseConfiguration$JpaWebConfiguration : spring.jpa.open-in-view is enabled by default. Therefore, database queries may be performed during view rendering. Explicitly configure spring.jpa.open-in-view to disable this warning
2023-03-06 07:28:18.382  INFO 19652 --- [main] pertySourcedRequestMappingHandlerMapping : Mapped URL path [/v2/api-docs] onto method [springfox.documentation.swagger2.web.Swagger2Controller#getDocumentation(String, HttpServletRequest)]
2023-03-06 07:28:18.871  INFO 19652 --- [main] o.s.b.w.embedded.tomcat.TomcatWebServer  : Tomcat started on port(s): 8080 (http) with context path ''
2023-03-06 07:28:18.872  INFO 19652 --- [main] d.s.w.p.DocumentationPluginsBootstrapper : Context refreshed
2023-03-06 07:28:18.905  INFO 19652 --- [main] d.s.w.p.DocumentationPluginsBootstrapper : Found 1 custom documentation plugin(s)
2023-03-06 07:28:18.959  INFO 19652 --- [main] s.d.s.w.s.ApiListingReferenceScanner     : Scanning for api listing references
2023-03-06 07:28:19.278  INFO 19652 --- [main] com.project.Application                  : Started Application in 8.174 seconds (JVM running for 9.789)
2023-03-06 07:28:39.139  INFO 19652 --- [RMI TCP Connection(7)-127.0.0.1] inMXBeanRegistrar$SpringApplicationAdmin : Application shutdown requested.
2023-03-06 07:28:39.429  INFO 19652 --- [RMI TCP Connection(7)-127.0.0.1] o.apache.catalina.core.StandardService   : Stopping service [Tomcat]
2023-03-06 07:28:39.464  INFO 19652 --- [RMI TCP Connection(7)-127.0.0.1] j.LocalContainerEntityManagerFactoryBean : Closing JPA EntityManagerFactory for persistence unit 'default'
2023-03-06 07:28:39.466  INFO 19652 --- [RMI TCP Connection(7)-127.0.0.1] com.zaxxer.hikari.HikariDataSource       : HikariPool-1 - Shutdown initiated...
2023-03-06 07:28:39.478  INFO 19652 --- [RMI TCP Connection(7)-127.0.0.1] com.zaxxer.hikari.HikariDataSource       : HikariPool-1 - Shutdown completed.
2023-03-06 07:31:28.414  INFO 23536 --- [main] c.p.service.EmployeeServiceImplTest      : Starting EmployeeServiceImplTest using Java 1.8.0_241 on Akhilesh-Gargatte with PID 23536 (started by akhil in C:\Users\akhil\Documents\workspace-spring-tool-suite-4-4.17.2.RELEASE\SpringBootDemo2.1)
2023-03-06 07:31:28.416  INFO 23536 --- [main] c.p.service.EmployeeServiceImplTest      : No active profile set, falling back to 1 default profile: "default"
2023-03-06 07:31:29.669  INFO 23536 --- [main] .s.d.r.c.RepositoryConfigurationDelegate : Bootstrapping Spring Data JPA repositories in DEFAULT mode.
2023-03-06 07:31:29.754  INFO 23536 --- [main] .s.d.r.c.RepositoryConfigurationDelegate : Finished Spring Data repository scanning in 71 ms. Found 1 JPA repository interfaces.
2023-03-06 07:31:30.761  INFO 23536 --- [main] o.hibernate.jpa.internal.util.LogHelper  : HHH000204: Processing PersistenceUnitInfo [name: default]
2023-03-06 07:31:30.847  INFO 23536 --- [main] org.hibernate.Version                    : HHH000412: Hibernate ORM core version 5.6.14.Final
2023-03-06 07:31:31.214  INFO 23536 --- [main] o.hibernate.annotations.common.Version   : HCANN000001: Hibernate Commons Annotations {5.1.2.Final}
2023-03-06 07:31:31.890  INFO 23536 --- [main] com.zaxxer.hikari.HikariDataSource       : HikariPool-1 - Starting...
2023-03-06 07:31:32.288  INFO 23536 --- [main] com.zaxxer.hikari.HikariDataSource       : HikariPool-1 - Start completed.
2023-03-06 07:31:32.329  INFO 23536 --- [main] org.hibernate.dialect.Dialect            : HHH000400: Using dialect: org.hibernate.dialect.MySQL8Dialect
2023-03-06 07:31:33.199  INFO 23536 --- [main] o.h.e.t.j.p.i.JtaPlatformInitiator       : HHH000490: Using JtaPlatform implementation: [org.hibernate.engine.transaction.jta.platform.internal.NoJtaPlatform]
2023-03-06 07:31:33.215  INFO 23536 --- [main] j.LocalContainerEntityManagerFactoryBean : Initialized JPA EntityManagerFactory for persistence unit 'default'
2023-03-06 07:31:34.429  WARN 23536 --- [main] JpaBaseConfiguration$JpaWebConfiguration : spring.jpa.open-in-view is enabled by default. Therefore, database queries may be performed during view rendering. Explicitly configure spring.jpa.open-in-view to disable this warning
2023-03-06 07:31:34.598  INFO 23536 --- [main] o.s.b.a.h2.H2ConsoleAutoConfiguration    : H2 console available at '/h2-console'. Database available at 'jdbc:h2:mem:testdb'
2023-03-06 07:31:35.018  INFO 23536 --- [main] pertySourcedRequestMappingHandlerMapping : Mapped URL path [/v2/api-docs] onto method [springfox.documentation.swagger2.web.Swagger2Controller#getDocumentation(String, HttpServletRequest)]
2023-03-06 07:31:36.152  INFO 23536 --- [main] d.s.w.p.DocumentationPluginsBootstrapper : Context refreshed
2023-03-06 07:31:36.178  INFO 23536 --- [main] d.s.w.p.DocumentationPluginsBootstrapper : Found 1 custom documentation plugin(s)
2023-03-06 07:31:36.220  INFO 23536 --- [main] s.d.s.w.s.ApiListingReferenceScanner     : Scanning for api listing references
2023-03-06 07:31:36.493  INFO 23536 --- [main] c.p.service.EmployeeServiceImplTest      : Started EmployeeServiceImplTest in 8.602 seconds (JVM running for 10.522)
2023-03-06 07:31:36.635  INFO 23536 --- [main] com.project.service.EmployeeServiceImpl  : start: EmployeeServiceImpl --> saveEmployee
2023-03-06 07:31:36.732  INFO 23536 --- [main] com.project.service.EmployeeServiceImpl  : end: EmployeeServiceImpl --> saveEmployee : Employee saved Employee [id=1, name=Aniket, city=Belgaum]
2023-03-06 07:31:36.767  INFO 23536 --- [SpringApplicationShutdownHook] j.LocalContainerEntityManagerFactoryBean : Closing JPA EntityManagerFactory for persistence unit 'default'
2023-03-06 07:31:36.771  INFO 23536 --- [SpringApplicationShutdownHook] com.zaxxer.hikari.HikariDataSource       : HikariPool-1 - Shutdown initiated...
2023-03-06 07:31:36.775  INFO 23536 --- [SpringApplicationShutdownHook] com.zaxxer.hikari.HikariDataSource       : HikariPool-1 - Shutdown completed.
2023-03-06 07:41:37.994  INFO 30184 --- [main] c.p.service.EmployeeServiceImplTest      : Starting EmployeeServiceImplTest using Java 1.8.0_241 on Akhilesh-Gargatte with PID 30184 (started by akhil in C:\Users\akhil\Documents\workspace-spring-tool-suite-4-4.17.2.RELEASE\SpringBootDemo2.1)
2023-03-06 07:41:37.996  INFO 30184 --- [main] c.p.service.EmployeeServiceImplTest      : No active profile set, falling back to 1 default profile: "default"
2023-03-06 07:41:39.255  INFO 30184 --- [main] .s.d.r.c.RepositoryConfigurationDelegate : Bootstrapping Spring Data JPA repositories in DEFAULT mode.
2023-03-06 07:41:39.338  INFO 30184 --- [main] .s.d.r.c.RepositoryConfigurationDelegate : Finished Spring Data repository scanning in 69 ms. Found 1 JPA repository interfaces.
2023-03-06 07:41:40.358  INFO 30184 --- [main] o.hibernate.jpa.internal.util.LogHelper  : HHH000204: Processing PersistenceUnitInfo [name: default]
2023-03-06 07:41:40.457  INFO 30184 --- [main] org.hibernate.Version                    : HHH000412: Hibernate ORM core version 5.6.14.Final
2023-03-06 07:41:40.825  INFO 30184 --- [main] o.hibernate.annotations.common.Version   : HCANN000001: Hibernate Commons Annotations {5.1.2.Final}
2023-03-06 07:41:41.483  INFO 30184 --- [main] com.zaxxer.hikari.HikariDataSource       : HikariPool-1 - Starting...
2023-03-06 07:41:41.809  INFO 30184 --- [main] com.zaxxer.hikari.HikariDataSource       : HikariPool-1 - Start completed.
2023-03-06 07:41:41.838  INFO 30184 --- [main] org.hibernate.dialect.Dialect            : HHH000400: Using dialect: org.hibernate.dialect.MySQL8Dialect
2023-03-06 07:41:42.689  INFO 30184 --- [main] o.h.e.t.j.p.i.JtaPlatformInitiator       : HHH000490: Using JtaPlatform implementation: [org.hibernate.engine.transaction.jta.platform.internal.NoJtaPlatform]
2023-03-06 07:41:42.706  INFO 30184 --- [main] j.LocalContainerEntityManagerFactoryBean : Initialized JPA EntityManagerFactory for persistence unit 'default'
2023-03-06 07:41:43.937  WARN 30184 --- [main] JpaBaseConfiguration$JpaWebConfiguration : spring.jpa.open-in-view is enabled by default. Therefore, database queries may be performed during view rendering. Explicitly configure spring.jpa.open-in-view to disable this warning
2023-03-06 07:41:44.117  INFO 30184 --- [main] o.s.b.a.h2.H2ConsoleAutoConfiguration    : H2 console available at '/h2-console'. Database available at 'jdbc:h2:mem:testdb'
2023-03-06 07:41:44.593  INFO 30184 --- [main] pertySourcedRequestMappingHandlerMapping : Mapped URL path [/v2/api-docs] onto method [springfox.documentation.swagger2.web.Swagger2Controller#getDocumentation(String, HttpServletRequest)]
2023-03-06 07:41:45.788  INFO 30184 --- [main] d.s.w.p.DocumentationPluginsBootstrapper : Context refreshed
2023-03-06 07:41:45.851  INFO 30184 --- [main] d.s.w.p.DocumentationPluginsBootstrapper : Found 1 custom documentation plugin(s)
2023-03-06 07:41:45.910  INFO 30184 --- [main] s.d.s.w.s.ApiListingReferenceScanner     : Scanning for api listing references
2023-03-06 07:41:46.232  INFO 30184 --- [main] c.p.service.EmployeeServiceImplTest      : Started EmployeeServiceImplTest in 8.683 seconds (JVM running for 10.552)
2023-03-06 07:41:46.471  INFO 30184 --- [main] com.project.service.EmployeeServiceImpl  : start: EmployeeServiceImpl --> getAllEmployee
2023-03-06 07:41:46.632  INFO 30184 --- [main] com.project.service.EmployeeServiceImpl  : End: EmployeeServiceImpl --> getAllEmployee
2023-03-06 07:41:46.661  INFO 30184 --- [SpringApplicationShutdownHook] j.LocalContainerEntityManagerFactoryBean : Closing JPA EntityManagerFactory for persistence unit 'default'
2023-03-06 07:41:46.663  INFO 30184 --- [SpringApplicationShutdownHook] com.zaxxer.hikari.HikariDataSource       : HikariPool-1 - Shutdown initiated...
2023-03-06 07:41:46.699  INFO 30184 --- [SpringApplicationShutdownHook] com.zaxxer.hikari.HikariDataSource       : HikariPool-1 - Shutdown completed.
2023-03-06 07:46:50.564  INFO 8844 --- [main] c.p.service.EmployeeServiceImplTest      : Starting EmployeeServiceImplTest using Java 1.8.0_241 on Akhilesh-Gargatte with PID 8844 (started by akhil in C:\Users\akhil\Documents\workspace-spring-tool-suite-4-4.17.2.RELEASE\SpringBootDemo2.1)
2023-03-06 07:46:50.566  INFO 8844 --- [main] c.p.service.EmployeeServiceImplTest      : No active profile set, falling back to 1 default profile: "default"
2023-03-06 07:46:51.882  INFO 8844 --- [main] .s.d.r.c.RepositoryConfigurationDelegate : Bootstrapping Spring Data JPA repositories in DEFAULT mode.
2023-03-06 07:46:51.966  INFO 8844 --- [main] .s.d.r.c.RepositoryConfigurationDelegate : Finished Spring Data repository scanning in 69 ms. Found 1 JPA repository interfaces.
2023-03-06 07:46:52.988  INFO 8844 --- [main] o.hibernate.jpa.internal.util.LogHelper  : HHH000204: Processing PersistenceUnitInfo [name: default]
2023-03-06 07:46:53.115  INFO 8844 --- [main] org.hibernate.Version                    : HHH000412: Hibernate ORM core version 5.6.14.Final
2023-03-06 07:46:53.541  INFO 8844 --- [main] o.hibernate.annotations.common.Version   : HCANN000001: Hibernate Commons Annotations {5.1.2.Final}
2023-03-06 07:46:54.490  INFO 8844 --- [main] com.zaxxer.hikari.HikariDataSource       : HikariPool-1 - Starting...
2023-03-06 07:46:54.913  INFO 8844 --- [main] com.zaxxer.hikari.HikariDataSource       : HikariPool-1 - Start completed.
2023-03-06 07:46:54.947  INFO 8844 --- [main] org.hibernate.dialect.Dialect            : HHH000400: Using dialect: org.hibernate.dialect.MySQL8Dialect
2023-03-06 07:46:55.968  INFO 8844 --- [main] o.h.e.t.j.p.i.JtaPlatformInitiator       : HHH000490: Using JtaPlatform implementation: [org.hibernate.engine.transaction.jta.platform.internal.NoJtaPlatform]
2023-03-06 07:46:55.984  INFO 8844 --- [main] j.LocalContainerEntityManagerFactoryBean : Initialized JPA EntityManagerFactory for persistence unit 'default'
2023-03-06 07:46:57.306  WARN 8844 --- [main] JpaBaseConfiguration$JpaWebConfiguration : spring.jpa.open-in-view is enabled by default. Therefore, database queries may be performed during view rendering. Explicitly configure spring.jpa.open-in-view to disable this warning
2023-03-06 07:46:57.482  INFO 8844 --- [main] o.s.b.a.h2.H2ConsoleAutoConfiguration    : H2 console available at '/h2-console'. Database available at 'jdbc:h2:mem:testdb'
2023-03-06 07:46:57.916  INFO 8844 --- [main] pertySourcedRequestMappingHandlerMapping : Mapped URL path [/v2/api-docs] onto method [springfox.documentation.swagger2.web.Swagger2Controller#getDocumentation(String, HttpServletRequest)]
2023-03-06 07:46:58.901  INFO 8844 --- [main] d.s.w.p.DocumentationPluginsBootstrapper : Context refreshed
2023-03-06 07:46:58.963  INFO 8844 --- [main] d.s.w.p.DocumentationPluginsBootstrapper : Found 1 custom documentation plugin(s)
2023-03-06 07:46:59.016  INFO 8844 --- [main] s.d.s.w.s.ApiListingReferenceScanner     : Scanning for api listing references
2023-03-06 07:46:59.258  INFO 8844 --- [main] c.p.service.EmployeeServiceImplTest      : Started EmployeeServiceImplTest in 9.181 seconds (JVM running for 11.001)
2023-03-06 07:46:59.531  INFO 8844 --- [main] com.project.service.EmployeeServiceImpl  : start: EmployeeServiceImpl --> saveEmployee
2023-03-06 07:46:59.582  INFO 8844 --- [main] com.project.service.EmployeeServiceImpl  : end: EmployeeServiceImpl --> saveEmployee : Employee saved Employee [id=1, name=Aniket, city=Belgaum]
2023-03-06 07:46:59.648  INFO 8844 --- [main] com.project.service.EmployeeServiceImpl  : start: EmployeeServiceImpl --> getAllEmployee
2023-03-06 07:46:59.653  INFO 8844 --- [main] com.project.service.EmployeeServiceImpl  : End: EmployeeServiceImpl --> getAllEmployee
2023-03-06 07:46:59.670  INFO 8844 --- [SpringApplicationShutdownHook] j.LocalContainerEntityManagerFactoryBean : Closing JPA EntityManagerFactory for persistence unit 'default'
2023-03-06 07:46:59.673  INFO 8844 --- [SpringApplicationShutdownHook] com.zaxxer.hikari.HikariDataSource       : HikariPool-1 - Shutdown initiated...
2023-03-06 07:46:59.684  INFO 8844 --- [SpringApplicationShutdownHook] com.zaxxer.hikari.HikariDataSource       : HikariPool-1 - Shutdown completed.
2023-03-06 07:54:25.944  INFO 14060 --- [main] c.p.service.EmployeeServiceImplTest      : Starting EmployeeServiceImplTest using Java 1.8.0_241 on Akhilesh-Gargatte with PID 14060 (started by akhil in C:\Users\akhil\Documents\workspace-spring-tool-suite-4-4.17.2.RELEASE\SpringBootDemo2.1)
2023-03-06 07:54:25.946  INFO 14060 --- [main] c.p.service.EmployeeServiceImplTest      : No active profile set, falling back to 1 default profile: "default"
2023-03-06 07:54:27.274  INFO 14060 --- [main] .s.d.r.c.RepositoryConfigurationDelegate : Bootstrapping Spring Data JPA repositories in DEFAULT mode.
2023-03-06 07:54:27.361  INFO 14060 --- [main] .s.d.r.c.RepositoryConfigurationDelegate : Finished Spring Data repository scanning in 70 ms. Found 1 JPA repository interfaces.
2023-03-06 07:54:28.323  INFO 14060 --- [main] o.hibernate.jpa.internal.util.LogHelper  : HHH000204: Processing PersistenceUnitInfo [name: default]
2023-03-06 07:54:28.414  INFO 14060 --- [main] org.hibernate.Version                    : HHH000412: Hibernate ORM core version 5.6.14.Final
2023-03-06 07:54:28.793  INFO 14060 --- [main] o.hibernate.annotations.common.Version   : HCANN000001: Hibernate Commons Annotations {5.1.2.Final}
2023-03-06 07:54:29.482  INFO 14060 --- [main] com.zaxxer.hikari.HikariDataSource       : HikariPool-1 - Starting...
2023-03-06 07:54:29.871  INFO 14060 --- [main] com.zaxxer.hikari.HikariDataSource       : HikariPool-1 - Start completed.
2023-03-06 07:54:29.903  INFO 14060 --- [main] org.hibernate.dialect.Dialect            : HHH000400: Using dialect: org.hibernate.dialect.MySQL8Dialect
2023-03-06 07:54:30.854  INFO 14060 --- [main] o.h.e.t.j.p.i.JtaPlatformInitiator       : HHH000490: Using JtaPlatform implementation: [org.hibernate.engine.transaction.jta.platform.internal.NoJtaPlatform]
2023-03-06 07:54:30.870  INFO 14060 --- [main] j.LocalContainerEntityManagerFactoryBean : Initialized JPA EntityManagerFactory for persistence unit 'default'
2023-03-06 07:54:31.956  WARN 14060 --- [main] JpaBaseConfiguration$JpaWebConfiguration : spring.jpa.open-in-view is enabled by default. Therefore, database queries may be performed during view rendering. Explicitly configure spring.jpa.open-in-view to disable this warning
2023-03-06 07:54:32.097  INFO 14060 --- [main] o.s.b.a.h2.H2ConsoleAutoConfiguration    : H2 console available at '/h2-console'. Database available at 'jdbc:h2:mem:testdb'
2023-03-06 07:54:32.403  INFO 14060 --- [main] pertySourcedRequestMappingHandlerMapping : Mapped URL path [/v2/api-docs] onto method [springfox.documentation.swagger2.web.Swagger2Controller#getDocumentation(String, HttpServletRequest)]
2023-03-06 07:54:33.303  INFO 14060 --- [main] d.s.w.p.DocumentationPluginsBootstrapper : Context refreshed
2023-03-06 07:54:33.342  INFO 14060 --- [main] d.s.w.p.DocumentationPluginsBootstrapper : Found 1 custom documentation plugin(s)
2023-03-06 07:54:33.388  INFO 14060 --- [main] s.d.s.w.s.ApiListingReferenceScanner     : Scanning for api listing references
2023-03-06 07:54:33.678  INFO 14060 --- [main] c.p.service.EmployeeServiceImplTest      : Started EmployeeServiceImplTest in 8.172 seconds (JVM running for 9.755)
2023-03-06 07:54:33.970  INFO 14060 --- [main] com.project.service.EmployeeServiceImpl  : start: EmployeeServiceImpl --> getById 1
2023-03-06 07:54:33.970  INFO 14060 --- [main] com.project.service.EmployeeServiceImpl  : End: EmployeeServiceImpl --> getById 1
2023-03-06 07:54:34.034  INFO 14060 --- [SpringApplicationShutdownHook] j.LocalContainerEntityManagerFactoryBean : Closing JPA EntityManagerFactory for persistence unit 'default'
2023-03-06 07:54:34.041  INFO 14060 --- [SpringApplicationShutdownHook] com.zaxxer.hikari.HikariDataSource       : HikariPool-1 - Shutdown initiated...
2023-03-06 07:54:34.048  INFO 14060 --- [SpringApplicationShutdownHook] com.zaxxer.hikari.HikariDataSource       : HikariPool-1 - Shutdown completed.
2023-03-06 07:55:18.283  INFO 1620 --- [main] c.p.service.EmployeeServiceImplTest      : Starting EmployeeServiceImplTest using Java 1.8.0_241 on Akhilesh-Gargatte with PID 1620 (started by akhil in C:\Users\akhil\Documents\workspace-spring-tool-suite-4-4.17.2.RELEASE\SpringBootDemo2.1)
2023-03-06 07:55:18.286  INFO 1620 --- [main] c.p.service.EmployeeServiceImplTest      : No active profile set, falling back to 1 default profile: "default"
2023-03-06 07:55:19.477  INFO 1620 --- [main] .s.d.r.c.RepositoryConfigurationDelegate : Bootstrapping Spring Data JPA repositories in DEFAULT mode.
2023-03-06 07:55:19.568  INFO 1620 --- [main] .s.d.r.c.RepositoryConfigurationDelegate : Finished Spring Data repository scanning in 76 ms. Found 1 JPA repository interfaces.
2023-03-06 07:55:20.509  INFO 1620 --- [main] o.hibernate.jpa.internal.util.LogHelper  : HHH000204: Processing PersistenceUnitInfo [name: default]
2023-03-06 07:55:20.588  INFO 1620 --- [main] org.hibernate.Version                    : HHH000412: Hibernate ORM core version 5.6.14.Final
2023-03-06 07:55:20.949  INFO 1620 --- [main] o.hibernate.annotations.common.Version   : HCANN000001: Hibernate Commons Annotations {5.1.2.Final}
2023-03-06 07:55:21.767  INFO 1620 --- [main] com.zaxxer.hikari.HikariDataSource       : HikariPool-1 - Starting...
2023-03-06 07:55:22.146  INFO 1620 --- [main] com.zaxxer.hikari.HikariDataSource       : HikariPool-1 - Start completed.
2023-03-06 07:55:22.178  INFO 1620 --- [main] org.hibernate.dialect.Dialect            : HHH000400: Using dialect: org.hibernate.dialect.MySQL8Dialect
2023-03-06 07:55:23.100  INFO 1620 --- [main] o.h.e.t.j.p.i.JtaPlatformInitiator       : HHH000490: Using JtaPlatform implementation: [org.hibernate.engine.transaction.jta.platform.internal.NoJtaPlatform]
2023-03-06 07:55:23.119  INFO 1620 --- [main] j.LocalContainerEntityManagerFactoryBean : Initialized JPA EntityManagerFactory for persistence unit 'default'
2023-03-06 07:55:24.311  WARN 1620 --- [main] JpaBaseConfiguration$JpaWebConfiguration : spring.jpa.open-in-view is enabled by default. Therefore, database queries may be performed during view rendering. Explicitly configure spring.jpa.open-in-view to disable this warning
2023-03-06 07:55:24.465  INFO 1620 --- [main] o.s.b.a.h2.H2ConsoleAutoConfiguration    : H2 console available at '/h2-console'. Database available at 'jdbc:h2:mem:testdb'
2023-03-06 07:55:24.797  INFO 1620 --- [main] pertySourcedRequestMappingHandlerMapping : Mapped URL path [/v2/api-docs] onto method [springfox.documentation.swagger2.web.Swagger2Controller#getDocumentation(String, HttpServletRequest)]
2023-03-06 07:55:25.800  INFO 1620 --- [main] d.s.w.p.DocumentationPluginsBootstrapper : Context refreshed
2023-03-06 07:55:25.852  INFO 1620 --- [main] d.s.w.p.DocumentationPluginsBootstrapper : Found 1 custom documentation plugin(s)
2023-03-06 07:55:25.886  INFO 1620 --- [main] s.d.s.w.s.ApiListingReferenceScanner     : Scanning for api listing references
2023-03-06 07:55:26.133  INFO 1620 --- [main] c.p.service.EmployeeServiceImplTest      : Started EmployeeServiceImplTest in 8.286 seconds (JVM running for 9.842)
2023-03-06 07:55:26.383  INFO 1620 --- [main] com.project.service.EmployeeServiceImpl  : start: EmployeeServiceImpl --> saveEmployee
2023-03-06 07:55:26.430  INFO 1620 --- [main] com.project.service.EmployeeServiceImpl  : end: EmployeeServiceImpl --> saveEmployee : Employee saved Employee [id=1, name=Aniket, city=Belgaum]
2023-03-06 07:55:26.485  INFO 1620 --- [main] com.project.service.EmployeeServiceImpl  : start: EmployeeServiceImpl --> getAllEmployee
2023-03-06 07:55:26.490  INFO 1620 --- [main] com.project.service.EmployeeServiceImpl  : End: EmployeeServiceImpl --> getAllEmployee
2023-03-06 07:55:26.502  INFO 1620 --- [main] com.project.service.EmployeeServiceImpl  : start: EmployeeServiceImpl --> getById 4
2023-03-06 07:55:26.503  INFO 1620 --- [main] com.project.service.EmployeeServiceImpl  : End: EmployeeServiceImpl --> getById 4
2023-03-06 07:55:26.525  INFO 1620 --- [SpringApplicationShutdownHook] j.LocalContainerEntityManagerFactoryBean : Closing JPA EntityManagerFactory for persistence unit 'default'
2023-03-06 07:55:26.528  INFO 1620 --- [SpringApplicationShutdownHook] com.zaxxer.hikari.HikariDataSource       : HikariPool-1 - Shutdown initiated...
2023-03-06 07:55:26.561  INFO 1620 --- [SpringApplicationShutdownHook] com.zaxxer.hikari.HikariDataSource       : HikariPool-1 - Shutdown completed.
2023-03-06 08:03:15.660  INFO 4612 --- [main] c.p.service.EmployeeServiceImplTest      : Starting EmployeeServiceImplTest using Java 1.8.0_241 on Akhilesh-Gargatte with PID 4612 (started by akhil in C:\Users\akhil\Documents\workspace-spring-tool-suite-4-4.17.2.RELEASE\SpringBootDemo2.1)
2023-03-06 08:03:15.663  INFO 4612 --- [main] c.p.service.EmployeeServiceImplTest      : No active profile set, falling back to 1 default profile: "default"
2023-03-06 08:03:17.018  INFO 4612 --- [main] .s.d.r.c.RepositoryConfigurationDelegate : Bootstrapping Spring Data JPA repositories in DEFAULT mode.
2023-03-06 08:03:17.110  INFO 4612 --- [main] .s.d.r.c.RepositoryConfigurationDelegate : Finished Spring Data repository scanning in 78 ms. Found 1 JPA repository interfaces.
2023-03-06 08:03:18.072  INFO 4612 --- [main] o.hibernate.jpa.internal.util.LogHelper  : HHH000204: Processing PersistenceUnitInfo [name: default]
2023-03-06 08:03:18.160  INFO 4612 --- [main] org.hibernate.Version                    : HHH000412: Hibernate ORM core version 5.6.14.Final
2023-03-06 08:03:18.486  INFO 4612 --- [main] o.hibernate.annotations.common.Version   : HCANN000001: Hibernate Commons Annotations {5.1.2.Final}
2023-03-06 08:03:19.204  INFO 4612 --- [main] com.zaxxer.hikari.HikariDataSource       : HikariPool-1 - Starting...
2023-03-06 08:03:19.587  INFO 4612 --- [main] com.zaxxer.hikari.HikariDataSource       : HikariPool-1 - Start completed.
2023-03-06 08:03:19.618  INFO 4612 --- [main] org.hibernate.dialect.Dialect            : HHH000400: Using dialect: org.hibernate.dialect.MySQL8Dialect
2023-03-06 08:03:20.553  INFO 4612 --- [main] o.h.e.t.j.p.i.JtaPlatformInitiator       : HHH000490: Using JtaPlatform implementation: [org.hibernate.engine.transaction.jta.platform.internal.NoJtaPlatform]
2023-03-06 08:03:20.572  INFO 4612 --- [main] j.LocalContainerEntityManagerFactoryBean : Initialized JPA EntityManagerFactory for persistence unit 'default'
2023-03-06 08:03:21.791  WARN 4612 --- [main] JpaBaseConfiguration$JpaWebConfiguration : spring.jpa.open-in-view is enabled by default. Therefore, database queries may be performed during view rendering. Explicitly configure spring.jpa.open-in-view to disable this warning
2023-03-06 08:03:21.932  INFO 4612 --- [main] o.s.b.a.h2.H2ConsoleAutoConfiguration    : H2 console available at '/h2-console'. Database available at 'jdbc:h2:mem:testdb'
2023-03-06 08:03:22.251  INFO 4612 --- [main] pertySourcedRequestMappingHandlerMapping : Mapped URL path [/v2/api-docs] onto method [springfox.documentation.swagger2.web.Swagger2Controller#getDocumentation(String, HttpServletRequest)]
2023-03-06 08:03:23.330  INFO 4612 --- [main] d.s.w.p.DocumentationPluginsBootstrapper : Context refreshed
2023-03-06 08:03:23.351  INFO 4612 --- [main] d.s.w.p.DocumentationPluginsBootstrapper : Found 1 custom documentation plugin(s)
2023-03-06 08:03:23.388  INFO 4612 --- [main] s.d.s.w.s.ApiListingReferenceScanner     : Scanning for api listing references
2023-03-06 08:03:23.663  INFO 4612 --- [main] c.p.service.EmployeeServiceImplTest      : Started EmployeeServiceImplTest in 8.449 seconds (JVM running for 10.007)
2023-03-06 08:03:24.003  INFO 4612 --- [main] com.project.service.EmployeeServiceImpl  : start: EmployeeServiceImpl --> deleteById 1
2023-03-06 08:03:24.030  INFO 4612 --- [main] com.project.service.EmployeeServiceImpl  : End: EmployeeServiceImpl --> deleteById 1
2023-03-06 08:03:24.102  INFO 4612 --- [SpringApplicationShutdownHook] j.LocalContainerEntityManagerFactoryBean : Closing JPA EntityManagerFactory for persistence unit 'default'
2023-03-06 08:03:24.105  INFO 4612 --- [SpringApplicationShutdownHook] com.zaxxer.hikari.HikariDataSource       : HikariPool-1 - Shutdown initiated...
2023-03-06 08:03:24.109  INFO 4612 --- [SpringApplicationShutdownHook] com.zaxxer.hikari.HikariDataSource       : HikariPool-1 - Shutdown completed.
2023-03-06 08:03:40.462  INFO 29100 --- [main] c.p.service.EmployeeServiceImplTest      : Starting EmployeeServiceImplTest using Java 1.8.0_241 on Akhilesh-Gargatte with PID 29100 (started by akhil in C:\Users\akhil\Documents\workspace-spring-tool-suite-4-4.17.2.RELEASE\SpringBootDemo2.1)
2023-03-06 08:03:40.465  INFO 29100 --- [main] c.p.service.EmployeeServiceImplTest      : No active profile set, falling back to 1 default profile: "default"
2023-03-06 08:03:41.713  INFO 29100 --- [main] .s.d.r.c.RepositoryConfigurationDelegate : Bootstrapping Spring Data JPA repositories in DEFAULT mode.
2023-03-06 08:03:41.789  INFO 29100 --- [main] .s.d.r.c.RepositoryConfigurationDelegate : Finished Spring Data repository scanning in 65 ms. Found 1 JPA repository interfaces.
2023-03-06 08:03:42.686  INFO 29100 --- [main] o.hibernate.jpa.internal.util.LogHelper  : HHH000204: Processing PersistenceUnitInfo [name: default]
2023-03-06 08:03:42.774  INFO 29100 --- [main] org.hibernate.Version                    : HHH000412: Hibernate ORM core version 5.6.14.Final
2023-03-06 08:03:43.140  INFO 29100 --- [main] o.hibernate.annotations.common.Version   : HCANN000001: Hibernate Commons Annotations {5.1.2.Final}
2023-03-06 08:03:43.778  INFO 29100 --- [main] com.zaxxer.hikari.HikariDataSource       : HikariPool-1 - Starting...
2023-03-06 08:03:44.138  INFO 29100 --- [main] com.zaxxer.hikari.HikariDataSource       : HikariPool-1 - Start completed.
2023-03-06 08:03:44.166  INFO 29100 --- [main] org.hibernate.dialect.Dialect            : HHH000400: Using dialect: org.hibernate.dialect.MySQL8Dialect
2023-03-06 08:03:45.098  INFO 29100 --- [main] o.h.e.t.j.p.i.JtaPlatformInitiator       : HHH000490: Using JtaPlatform implementation: [org.hibernate.engine.transaction.jta.platform.internal.NoJtaPlatform]
2023-03-06 08:03:45.116  INFO 29100 --- [main] j.LocalContainerEntityManagerFactoryBean : Initialized JPA EntityManagerFactory for persistence unit 'default'
2023-03-06 08:03:46.270  WARN 29100 --- [main] JpaBaseConfiguration$JpaWebConfiguration : spring.jpa.open-in-view is enabled by default. Therefore, database queries may be performed during view rendering. Explicitly configure spring.jpa.open-in-view to disable this warning
2023-03-06 08:03:46.414  INFO 29100 --- [main] o.s.b.a.h2.H2ConsoleAutoConfiguration    : H2 console available at '/h2-console'. Database available at 'jdbc:h2:mem:testdb'
2023-03-06 08:03:46.825  INFO 29100 --- [main] pertySourcedRequestMappingHandlerMapping : Mapped URL path [/v2/api-docs] onto method [springfox.documentation.swagger2.web.Swagger2Controller#getDocumentation(String, HttpServletRequest)]
2023-03-06 08:03:47.876  INFO 29100 --- [main] d.s.w.p.DocumentationPluginsBootstrapper : Context refreshed
2023-03-06 08:03:47.906  INFO 29100 --- [main] d.s.w.p.DocumentationPluginsBootstrapper : Found 1 custom documentation plugin(s)
2023-03-06 08:03:47.944  INFO 29100 --- [main] s.d.s.w.s.ApiListingReferenceScanner     : Scanning for api listing references
2023-03-06 08:03:48.192  INFO 29100 --- [main] c.p.service.EmployeeServiceImplTest      : Started EmployeeServiceImplTest in 8.147 seconds (JVM running for 9.7)
2023-03-06 08:03:48.489  INFO 29100 --- [main] com.project.service.EmployeeServiceImpl  : start: EmployeeServiceImpl --> saveEmployee
2023-03-06 08:03:48.540  INFO 29100 --- [main] com.project.service.EmployeeServiceImpl  : end: EmployeeServiceImpl --> saveEmployee : Employee saved Employee [id=1, name=Aniket, city=Belgaum]
2023-03-06 08:03:48.598  INFO 29100 --- [main] com.project.service.EmployeeServiceImpl  : start: EmployeeServiceImpl --> getAllEmployee
2023-03-06 08:03:48.602  INFO 29100 --- [main] com.project.service.EmployeeServiceImpl  : End: EmployeeServiceImpl --> getAllEmployee
2023-03-06 08:03:48.616  INFO 29100 --- [main] com.project.service.EmployeeServiceImpl  : start: EmployeeServiceImpl --> getById 4
2023-03-06 08:03:48.617  INFO 29100 --- [main] com.project.service.EmployeeServiceImpl  : End: EmployeeServiceImpl --> getById 4
2023-03-06 08:03:48.635  INFO 29100 --- [main] com.project.service.EmployeeServiceImpl  : start: EmployeeServiceImpl --> deleteById 5
2023-03-06 08:03:48.639  INFO 29100 --- [main] com.project.service.EmployeeServiceImpl  : End: EmployeeServiceImpl --> deleteById 5
2023-03-06 08:03:48.676  INFO 29100 --- [SpringApplicationShutdownHook] j.LocalContainerEntityManagerFactoryBean : Closing JPA EntityManagerFactory for persistence unit 'default'
2023-03-06 08:03:48.680  INFO 29100 --- [SpringApplicationShutdownHook] com.zaxxer.hikari.HikariDataSource       : HikariPool-1 - Shutdown initiated...
2023-03-06 08:03:48.686  INFO 29100 --- [SpringApplicationShutdownHook] com.zaxxer.hikari.HikariDataSource       : HikariPool-1 - Shutdown completed.
2023-03-06 08:09:14.091  INFO 24456 --- [main] c.p.service.EmployeeServiceImplTest      : Starting EmployeeServiceImplTest using Java 1.8.0_241 on Akhilesh-Gargatte with PID 24456 (started by akhil in C:\Users\akhil\Documents\workspace-spring-tool-suite-4-4.17.2.RELEASE\SpringBootDemo2.1)
2023-03-06 08:09:14.094  INFO 24456 --- [main] c.p.service.EmployeeServiceImplTest      : No active profile set, falling back to 1 default profile: "default"
2023-03-06 08:09:15.323  INFO 24456 --- [main] .s.d.r.c.RepositoryConfigurationDelegate : Bootstrapping Spring Data JPA repositories in DEFAULT mode.
2023-03-06 08:09:15.406  INFO 24456 --- [main] .s.d.r.c.RepositoryConfigurationDelegate : Finished Spring Data repository scanning in 69 ms. Found 1 JPA repository interfaces.
2023-03-06 08:09:16.323  INFO 24456 --- [main] o.hibernate.jpa.internal.util.LogHelper  : HHH000204: Processing PersistenceUnitInfo [name: default]
2023-03-06 08:09:16.405  INFO 24456 --- [main] org.hibernate.Version                    : HHH000412: Hibernate ORM core version 5.6.14.Final
2023-03-06 08:09:16.777  INFO 24456 --- [main] o.hibernate.annotations.common.Version   : HCANN000001: Hibernate Commons Annotations {5.1.2.Final}
2023-03-06 08:09:17.427  INFO 24456 --- [main] com.zaxxer.hikari.HikariDataSource       : HikariPool-1 - Starting...
2023-03-06 08:09:17.819  INFO 24456 --- [main] com.zaxxer.hikari.HikariDataSource       : HikariPool-1 - Start completed.
2023-03-06 08:09:17.850  INFO 24456 --- [main] org.hibernate.dialect.Dialect            : HHH000400: Using dialect: org.hibernate.dialect.MySQL8Dialect
2023-03-06 08:09:18.781  INFO 24456 --- [main] o.h.e.t.j.p.i.JtaPlatformInitiator       : HHH000490: Using JtaPlatform implementation: [org.hibernate.engine.transaction.jta.platform.internal.NoJtaPlatform]
2023-03-06 08:09:18.797  INFO 24456 --- [main] j.LocalContainerEntityManagerFactoryBean : Initialized JPA EntityManagerFactory for persistence unit 'default'
2023-03-06 08:09:19.987  WARN 24456 --- [main] JpaBaseConfiguration$JpaWebConfiguration : spring.jpa.open-in-view is enabled by default. Therefore, database queries may be performed during view rendering. Explicitly configure spring.jpa.open-in-view to disable this warning
2023-03-06 08:09:20.169  INFO 24456 --- [main] o.s.b.a.h2.H2ConsoleAutoConfiguration    : H2 console available at '/h2-console'. Database available at 'jdbc:h2:mem:testdb'
2023-03-06 08:09:20.514  INFO 24456 --- [main] pertySourcedRequestMappingHandlerMapping : Mapped URL path [/v2/api-docs] onto method [springfox.documentation.swagger2.web.Swagger2Controller#getDocumentation(String, HttpServletRequest)]
2023-03-06 08:09:21.459  INFO 24456 --- [main] d.s.w.p.DocumentationPluginsBootstrapper : Context refreshed
2023-03-06 08:09:21.489  INFO 24456 --- [main] d.s.w.p.DocumentationPluginsBootstrapper : Found 1 custom documentation plugin(s)
2023-03-06 08:09:21.537  INFO 24456 --- [main] s.d.s.w.s.ApiListingReferenceScanner     : Scanning for api listing references
2023-03-06 08:09:21.779  INFO 24456 --- [main] c.p.service.EmployeeServiceImplTest      : Started EmployeeServiceImplTest in 8.141 seconds (JVM running for 9.714)
2023-03-06 08:09:22.134  INFO 24456 --- [main] com.project.service.EmployeeServiceImpl  : start: EmployeeServiceImpl --> updateById
2023-03-06 08:09:22.157  INFO 24456 --- [main] com.project.service.EmployeeServiceImpl  : End: EmployeeServiceImpl --> updateById
2023-03-06 08:09:22.229  INFO 24456 --- [SpringApplicationShutdownHook] j.LocalContainerEntityManagerFactoryBean : Closing JPA EntityManagerFactory for persistence unit 'default'
2023-03-06 08:09:22.233  INFO 24456 --- [SpringApplicationShutdownHook] com.zaxxer.hikari.HikariDataSource       : HikariPool-1 - Shutdown initiated...
2023-03-06 08:09:22.240  INFO 24456 --- [SpringApplicationShutdownHook] com.zaxxer.hikari.HikariDataSource       : HikariPool-1 - Shutdown completed.
2023-03-06 08:09:50.042  INFO 31880 --- [main] c.p.service.EmployeeServiceImplTest      : Starting EmployeeServiceImplTest using Java 1.8.0_241 on Akhilesh-Gargatte with PID 31880 (started by akhil in C:\Users\akhil\Documents\workspace-spring-tool-suite-4-4.17.2.RELEASE\SpringBootDemo2.1)
2023-03-06 08:09:50.044  INFO 31880 --- [main] c.p.service.EmployeeServiceImplTest      : No active profile set, falling back to 1 default profile: "default"
2023-03-06 08:09:51.278  INFO 31880 --- [main] .s.d.r.c.RepositoryConfigurationDelegate : Bootstrapping Spring Data JPA repositories in DEFAULT mode.
2023-03-06 08:09:51.353  INFO 31880 --- [main] .s.d.r.c.RepositoryConfigurationDelegate : Finished Spring Data repository scanning in 64 ms. Found 1 JPA repository interfaces.
2023-03-06 08:09:52.303  INFO 31880 --- [main] o.hibernate.jpa.internal.util.LogHelper  : HHH000204: Processing PersistenceUnitInfo [name: default]
2023-03-06 08:09:52.395  INFO 31880 --- [main] org.hibernate.Version                    : HHH000412: Hibernate ORM core version 5.6.14.Final
2023-03-06 08:09:52.738  INFO 31880 --- [main] o.hibernate.annotations.common.Version   : HCANN000001: Hibernate Commons Annotations {5.1.2.Final}
2023-03-06 08:09:53.372  INFO 31880 --- [main] com.zaxxer.hikari.HikariDataSource       : HikariPool-1 - Starting...
2023-03-06 08:09:53.767  INFO 31880 --- [main] com.zaxxer.hikari.HikariDataSource       : HikariPool-1 - Start completed.
2023-03-06 08:09:53.797  INFO 31880 --- [main] org.hibernate.dialect.Dialect            : HHH000400: Using dialect: org.hibernate.dialect.MySQL8Dialect
2023-03-06 08:09:54.736  INFO 31880 --- [main] o.h.e.t.j.p.i.JtaPlatformInitiator       : HHH000490: Using JtaPlatform implementation: [org.hibernate.engine.transaction.jta.platform.internal.NoJtaPlatform]
2023-03-06 08:09:54.756  INFO 31880 --- [main] j.LocalContainerEntityManagerFactoryBean : Initialized JPA EntityManagerFactory for persistence unit 'default'
2023-03-06 08:09:55.958  WARN 31880 --- [main] JpaBaseConfiguration$JpaWebConfiguration : spring.jpa.open-in-view is enabled by default. Therefore, database queries may be performed during view rendering. Explicitly configure spring.jpa.open-in-view to disable this warning
2023-03-06 08:09:56.116  INFO 31880 --- [main] o.s.b.a.h2.H2ConsoleAutoConfiguration    : H2 console available at '/h2-console'. Database available at 'jdbc:h2:mem:testdb'
2023-03-06 08:09:56.443  INFO 31880 --- [main] pertySourcedRequestMappingHandlerMapping : Mapped URL path [/v2/api-docs] onto method [springfox.documentation.swagger2.web.Swagger2Controller#getDocumentation(String, HttpServletRequest)]
2023-03-06 08:09:57.391  INFO 31880 --- [main] d.s.w.p.DocumentationPluginsBootstrapper : Context refreshed
2023-03-06 08:09:57.419  INFO 31880 --- [main] d.s.w.p.DocumentationPluginsBootstrapper : Found 1 custom documentation plugin(s)
2023-03-06 08:09:57.464  INFO 31880 --- [main] s.d.s.w.s.ApiListingReferenceScanner     : Scanning for api listing references
2023-03-06 08:09:57.735  INFO 31880 --- [main] c.p.service.EmployeeServiceImplTest      : Started EmployeeServiceImplTest in 8.143 seconds (JVM running for 9.698)
2023-03-06 08:09:58.081  INFO 31880 --- [main] com.project.service.EmployeeServiceImpl  : start: EmployeeServiceImpl --> updateById
2023-03-06 08:09:58.134  INFO 31880 --- [main] com.project.service.EmployeeServiceImpl  : End: EmployeeServiceImpl --> updateById
2023-03-06 08:09:58.179  INFO 31880 --- [SpringApplicationShutdownHook] j.LocalContainerEntityManagerFactoryBean : Closing JPA EntityManagerFactory for persistence unit 'default'
2023-03-06 08:09:58.182  INFO 31880 --- [SpringApplicationShutdownHook] com.zaxxer.hikari.HikariDataSource       : HikariPool-1 - Shutdown initiated...
2023-03-06 08:09:58.191  INFO 31880 --- [SpringApplicationShutdownHook] com.zaxxer.hikari.HikariDataSource       : HikariPool-1 - Shutdown completed.
2023-03-06 08:13:38.877  INFO 30400 --- [main] c.p.service.EmployeeServiceImplTest      : Starting EmployeeServiceImplTest using Java 1.8.0_241 on Akhilesh-Gargatte with PID 30400 (started by akhil in C:\Users\akhil\Documents\workspace-spring-tool-suite-4-4.17.2.RELEASE\SpringBootDemo2.1)
2023-03-06 08:13:38.880  INFO 30400 --- [main] c.p.service.EmployeeServiceImplTest      : No active profile set, falling back to 1 default profile: "default"
2023-03-06 08:13:40.138  INFO 30400 --- [main] .s.d.r.c.RepositoryConfigurationDelegate : Bootstrapping Spring Data JPA repositories in DEFAULT mode.
2023-03-06 08:13:40.215  INFO 30400 --- [main] .s.d.r.c.RepositoryConfigurationDelegate : Finished Spring Data repository scanning in 64 ms. Found 1 JPA repository interfaces.
2023-03-06 08:13:41.156  INFO 30400 --- [main] o.hibernate.jpa.internal.util.LogHelper  : HHH000204: Processing PersistenceUnitInfo [name: default]
2023-03-06 08:13:41.243  INFO 30400 --- [main] org.hibernate.Version                    : HHH000412: Hibernate ORM core version 5.6.14.Final
2023-03-06 08:13:41.615  INFO 30400 --- [main] o.hibernate.annotations.common.Version   : HCANN000001: Hibernate Commons Annotations {5.1.2.Final}
2023-03-06 08:13:42.447  INFO 30400 --- [main] com.zaxxer.hikari.HikariDataSource       : HikariPool-1 - Starting...
2023-03-06 08:13:42.796  INFO 30400 --- [main] com.zaxxer.hikari.HikariDataSource       : HikariPool-1 - Start completed.
2023-03-06 08:13:42.829  INFO 30400 --- [main] org.hibernate.dialect.Dialect            : HHH000400: Using dialect: org.hibernate.dialect.MySQL8Dialect
2023-03-06 08:13:43.752  INFO 30400 --- [main] o.h.e.t.j.p.i.JtaPlatformInitiator       : HHH000490: Using JtaPlatform implementation: [org.hibernate.engine.transaction.jta.platform.internal.NoJtaPlatform]
2023-03-06 08:13:43.768  INFO 30400 --- [main] j.LocalContainerEntityManagerFactoryBean : Initialized JPA EntityManagerFactory for persistence unit 'default'
2023-03-06 08:13:44.912  WARN 30400 --- [main] JpaBaseConfiguration$JpaWebConfiguration : spring.jpa.open-in-view is enabled by default. Therefore, database queries may be performed during view rendering. Explicitly configure spring.jpa.open-in-view to disable this warning
2023-03-06 08:13:45.072  INFO 30400 --- [main] o.s.b.a.h2.H2ConsoleAutoConfiguration    : H2 console available at '/h2-console'. Database available at 'jdbc:h2:mem:testdb'
2023-03-06 08:13:45.405  INFO 30400 --- [main] pertySourcedRequestMappingHandlerMapping : Mapped URL path [/v2/api-docs] onto method [springfox.documentation.swagger2.web.Swagger2Controller#getDocumentation(String, HttpServletRequest)]
2023-03-06 08:13:46.423  INFO 30400 --- [main] d.s.w.p.DocumentationPluginsBootstrapper : Context refreshed
2023-03-06 08:13:46.456  INFO 30400 --- [main] d.s.w.p.DocumentationPluginsBootstrapper : Found 1 custom documentation plugin(s)
2023-03-06 08:13:46.500  INFO 30400 --- [main] s.d.s.w.s.ApiListingReferenceScanner     : Scanning for api listing references
2023-03-06 08:13:46.740  INFO 30400 --- [main] c.p.service.EmployeeServiceImplTest      : Started EmployeeServiceImplTest in 8.299 seconds (JVM running for 9.852)
2023-03-06 08:13:47.074  INFO 30400 --- [main] com.project.service.EmployeeServiceImpl  : start: EmployeeServiceImpl --> updateById
2023-03-06 08:13:47.115  INFO 30400 --- [main] com.project.service.EmployeeServiceImpl  : End: EmployeeServiceImpl --> updateById
2023-03-06 08:13:47.167  INFO 30400 --- [SpringApplicationShutdownHook] j.LocalContainerEntityManagerFactoryBean : Closing JPA EntityManagerFactory for persistence unit 'default'
2023-03-06 08:13:47.171  INFO 30400 --- [SpringApplicationShutdownHook] com.zaxxer.hikari.HikariDataSource       : HikariPool-1 - Shutdown initiated...
2023-03-06 08:13:47.193  INFO 30400 --- [SpringApplicationShutdownHook] com.zaxxer.hikari.HikariDataSource       : HikariPool-1 - Shutdown completed.
2023-03-06 08:15:13.629  INFO 19856 --- [main] c.p.service.EmployeeServiceImplTest      : Starting EmployeeServiceImplTest using Java 1.8.0_241 on Akhilesh-Gargatte with PID 19856 (started by akhil in C:\Users\akhil\Documents\workspace-spring-tool-suite-4-4.17.2.RELEASE\SpringBootDemo2.1)
2023-03-06 08:15:13.631  INFO 19856 --- [main] c.p.service.EmployeeServiceImplTest      : No active profile set, falling back to 1 default profile: "default"
2023-03-06 08:15:14.922  INFO 19856 --- [main] .s.d.r.c.RepositoryConfigurationDelegate : Bootstrapping Spring Data JPA repositories in DEFAULT mode.
2023-03-06 08:15:15.019  INFO 19856 --- [main] .s.d.r.c.RepositoryConfigurationDelegate : Finished Spring Data repository scanning in 79 ms. Found 1 JPA repository interfaces.
2023-03-06 08:15:15.936  INFO 19856 --- [main] o.hibernate.jpa.internal.util.LogHelper  : HHH000204: Processing PersistenceUnitInfo [name: default]
2023-03-06 08:15:16.022  INFO 19856 --- [main] org.hibernate.Version                    : HHH000412: Hibernate ORM core version 5.6.14.Final
2023-03-06 08:15:16.370  INFO 19856 --- [main] o.hibernate.annotations.common.Version   : HCANN000001: Hibernate Commons Annotations {5.1.2.Final}
2023-03-06 08:15:17.160  INFO 19856 --- [main] com.zaxxer.hikari.HikariDataSource       : HikariPool-1 - Starting...
2023-03-06 08:15:17.517  INFO 19856 --- [main] com.zaxxer.hikari.HikariDataSource       : HikariPool-1 - Start completed.
2023-03-06 08:15:17.551  INFO 19856 --- [main] org.hibernate.dialect.Dialect            : HHH000400: Using dialect: org.hibernate.dialect.MySQL8Dialect
2023-03-06 08:15:18.477  INFO 19856 --- [main] o.h.e.t.j.p.i.JtaPlatformInitiator       : HHH000490: Using JtaPlatform implementation: [org.hibernate.engine.transaction.jta.platform.internal.NoJtaPlatform]
2023-03-06 08:15:18.493  INFO 19856 --- [main] j.LocalContainerEntityManagerFactoryBean : Initialized JPA EntityManagerFactory for persistence unit 'default'
2023-03-06 08:15:19.665  WARN 19856 --- [main] JpaBaseConfiguration$JpaWebConfiguration : spring.jpa.open-in-view is enabled by default. Therefore, database queries may be performed during view rendering. Explicitly configure spring.jpa.open-in-view to disable this warning
2023-03-06 08:15:19.820  INFO 19856 --- [main] o.s.b.a.h2.H2ConsoleAutoConfiguration    : H2 console available at '/h2-console'. Database available at 'jdbc:h2:mem:testdb'
2023-03-06 08:15:20.182  INFO 19856 --- [main] pertySourcedRequestMappingHandlerMapping : Mapped URL path [/v2/api-docs] onto method [springfox.documentation.swagger2.web.Swagger2Controller#getDocumentation(String, HttpServletRequest)]
2023-03-06 08:15:21.191  INFO 19856 --- [main] d.s.w.p.DocumentationPluginsBootstrapper : Context refreshed
2023-03-06 08:15:21.223  INFO 19856 --- [main] d.s.w.p.DocumentationPluginsBootstrapper : Found 1 custom documentation plugin(s)
2023-03-06 08:15:21.262  INFO 19856 --- [main] s.d.s.w.s.ApiListingReferenceScanner     : Scanning for api listing references
2023-03-06 08:15:21.531  INFO 19856 --- [main] c.p.service.EmployeeServiceImplTest      : Started EmployeeServiceImplTest in 8.332 seconds (JVM running for 9.876)
2023-03-06 08:15:21.885  INFO 19856 --- [main] com.project.service.EmployeeServiceImpl  : start: EmployeeServiceImpl --> updateById
2023-03-06 08:15:21.937  INFO 19856 --- [main] com.project.service.EmployeeServiceImpl  : End: EmployeeServiceImpl --> updateById
2023-03-06 08:15:21.992  INFO 19856 --- [SpringApplicationShutdownHook] j.LocalContainerEntityManagerFactoryBean : Closing JPA EntityManagerFactory for persistence unit 'default'
2023-03-06 08:15:21.995  INFO 19856 --- [SpringApplicationShutdownHook] com.zaxxer.hikari.HikariDataSource       : HikariPool-1 - Shutdown initiated...
2023-03-06 08:15:22.001  INFO 19856 --- [SpringApplicationShutdownHook] com.zaxxer.hikari.HikariDataSource       : HikariPool-1 - Shutdown completed.
2023-03-06 08:15:42.657  INFO 31884 --- [main] c.p.service.EmployeeServiceImplTest      : Starting EmployeeServiceImplTest using Java 1.8.0_241 on Akhilesh-Gargatte with PID 31884 (started by akhil in C:\Users\akhil\Documents\workspace-spring-tool-suite-4-4.17.2.RELEASE\SpringBootDemo2.1)
2023-03-06 08:15:42.659  INFO 31884 --- [main] c.p.service.EmployeeServiceImplTest      : No active profile set, falling back to 1 default profile: "default"
2023-03-06 08:15:43.924  INFO 31884 --- [main] .s.d.r.c.RepositoryConfigurationDelegate : Bootstrapping Spring Data JPA repositories in DEFAULT mode.
2023-03-06 08:15:44.026  INFO 31884 --- [main] .s.d.r.c.RepositoryConfigurationDelegate : Finished Spring Data repository scanning in 86 ms. Found 1 JPA repository interfaces.
2023-03-06 08:15:45.001  INFO 31884 --- [main] o.hibernate.jpa.internal.util.LogHelper  : HHH000204: Processing PersistenceUnitInfo [name: default]
2023-03-06 08:15:45.093  INFO 31884 --- [main] org.hibernate.Version                    : HHH000412: Hibernate ORM core version 5.6.14.Final
2023-03-06 08:15:45.423  INFO 31884 --- [main] o.hibernate.annotations.common.Version   : HCANN000001: Hibernate Commons Annotations {5.1.2.Final}
2023-03-06 08:15:46.070  INFO 31884 --- [main] com.zaxxer.hikari.HikariDataSource       : HikariPool-1 - Starting...
2023-03-06 08:15:46.437  INFO 31884 --- [main] com.zaxxer.hikari.HikariDataSource       : HikariPool-1 - Start completed.
2023-03-06 08:15:46.468  INFO 31884 --- [main] org.hibernate.dialect.Dialect            : HHH000400: Using dialect: org.hibernate.dialect.MySQL8Dialect
2023-03-06 08:15:47.372  INFO 31884 --- [main] o.h.e.t.j.p.i.JtaPlatformInitiator       : HHH000490: Using JtaPlatform implementation: [org.hibernate.engine.transaction.jta.platform.internal.NoJtaPlatform]
2023-03-06 08:15:47.387  INFO 31884 --- [main] j.LocalContainerEntityManagerFactoryBean : Initialized JPA EntityManagerFactory for persistence unit 'default'
2023-03-06 08:15:48.610  WARN 31884 --- [main] JpaBaseConfiguration$JpaWebConfiguration : spring.jpa.open-in-view is enabled by default. Therefore, database queries may be performed during view rendering. Explicitly configure spring.jpa.open-in-view to disable this warning
2023-03-06 08:15:48.741  INFO 31884 --- [main] o.s.b.a.h2.H2ConsoleAutoConfiguration    : H2 console available at '/h2-console'. Database available at 'jdbc:h2:mem:testdb'
2023-03-06 08:15:49.081  INFO 31884 --- [main] pertySourcedRequestMappingHandlerMapping : Mapped URL path [/v2/api-docs] onto method [springfox.documentation.swagger2.web.Swagger2Controller#getDocumentation(String, HttpServletRequest)]
2023-03-06 08:15:50.061  INFO 31884 --- [main] d.s.w.p.DocumentationPluginsBootstrapper : Context refreshed
2023-03-06 08:15:50.093  INFO 31884 --- [main] d.s.w.p.DocumentationPluginsBootstrapper : Found 1 custom documentation plugin(s)
2023-03-06 08:15:50.141  INFO 31884 --- [main] s.d.s.w.s.ApiListingReferenceScanner     : Scanning for api listing references
2023-03-06 08:15:50.434  INFO 31884 --- [main] c.p.service.EmployeeServiceImplTest      : Started EmployeeServiceImplTest in 8.216 seconds (JVM running for 9.771)
2023-03-06 08:15:50.784  INFO 31884 --- [main] com.project.service.EmployeeServiceImpl  : start: EmployeeServiceImpl --> updateById
2023-03-06 08:15:50.840  INFO 31884 --- [main] com.project.service.EmployeeServiceImpl  : End: EmployeeServiceImpl --> updateById
2023-03-06 08:15:50.876  INFO 31884 --- [SpringApplicationShutdownHook] j.LocalContainerEntityManagerFactoryBean : Closing JPA EntityManagerFactory for persistence unit 'default'
2023-03-06 08:15:50.880  INFO 31884 --- [SpringApplicationShutdownHook] com.zaxxer.hikari.HikariDataSource       : HikariPool-1 - Shutdown initiated...
2023-03-06 08:15:50.884  INFO 31884 --- [SpringApplicationShutdownHook] com.zaxxer.hikari.HikariDataSource       : HikariPool-1 - Shutdown completed.
2023-03-06 08:20:04.597  INFO 30304 --- [main] c.p.service.EmployeeServiceImplTest      : Starting EmployeeServiceImplTest using Java 1.8.0_241 on Akhilesh-Gargatte with PID 30304 (started by akhil in C:\Users\akhil\Documents\workspace-spring-tool-suite-4-4.17.2.RELEASE\SpringBootDemo2.1)
2023-03-06 08:20:04.599  INFO 30304 --- [main] c.p.service.EmployeeServiceImplTest      : No active profile set, falling back to 1 default profile: "default"
2023-03-06 08:20:05.855  INFO 30304 --- [main] .s.d.r.c.RepositoryConfigurationDelegate : Bootstrapping Spring Data JPA repositories in DEFAULT mode.
2023-03-06 08:20:05.930  INFO 30304 --- [main] .s.d.r.c.RepositoryConfigurationDelegate : Finished Spring Data repository scanning in 63 ms. Found 1 JPA repository interfaces.
2023-03-06 08:20:06.822  INFO 30304 --- [main] o.hibernate.jpa.internal.util.LogHelper  : HHH000204: Processing PersistenceUnitInfo [name: default]
2023-03-06 08:20:06.903  INFO 30304 --- [main] org.hibernate.Version                    : HHH000412: Hibernate ORM core version 5.6.14.Final
2023-03-06 08:20:07.257  INFO 30304 --- [main] o.hibernate.annotations.common.Version   : HCANN000001: Hibernate Commons Annotations {5.1.2.Final}
2023-03-06 08:20:07.916  INFO 30304 --- [main] com.zaxxer.hikari.HikariDataSource       : HikariPool-1 - Starting...
2023-03-06 08:20:08.312  INFO 30304 --- [main] com.zaxxer.hikari.HikariDataSource       : HikariPool-1 - Start completed.
2023-03-06 08:20:08.345  INFO 30304 --- [main] org.hibernate.dialect.Dialect            : HHH000400: Using dialect: org.hibernate.dialect.MySQL8Dialect
2023-03-06 08:20:09.294  INFO 30304 --- [main] o.h.e.t.j.p.i.JtaPlatformInitiator       : HHH000490: Using JtaPlatform implementation: [org.hibernate.engine.transaction.jta.platform.internal.NoJtaPlatform]
2023-03-06 08:20:09.312  INFO 30304 --- [main] j.LocalContainerEntityManagerFactoryBean : Initialized JPA EntityManagerFactory for persistence unit 'default'
2023-03-06 08:20:10.450  WARN 30304 --- [main] JpaBaseConfiguration$JpaWebConfiguration : spring.jpa.open-in-view is enabled by default. Therefore, database queries may be performed during view rendering. Explicitly configure spring.jpa.open-in-view to disable this warning
2023-03-06 08:20:10.608  INFO 30304 --- [main] o.s.b.a.h2.H2ConsoleAutoConfiguration    : H2 console available at '/h2-console'. Database available at 'jdbc:h2:mem:testdb'
2023-03-06 08:20:10.954  INFO 30304 --- [main] pertySourcedRequestMappingHandlerMapping : Mapped URL path [/v2/api-docs] onto method [springfox.documentation.swagger2.web.Swagger2Controller#getDocumentation(String, HttpServletRequest)]
2023-03-06 08:20:11.911  INFO 30304 --- [main] d.s.w.p.DocumentationPluginsBootstrapper : Context refreshed
2023-03-06 08:20:11.947  INFO 30304 --- [main] d.s.w.p.DocumentationPluginsBootstrapper : Found 1 custom documentation plugin(s)
2023-03-06 08:20:11.984  INFO 30304 --- [main] s.d.s.w.s.ApiListingReferenceScanner     : Scanning for api listing references
2023-03-06 08:20:12.229  INFO 30304 --- [main] c.p.service.EmployeeServiceImplTest      : Started EmployeeServiceImplTest in 8.059 seconds (JVM running for 9.555)
2023-03-06 08:20:12.528  INFO 30304 --- [main] com.project.service.EmployeeServiceImpl  : start: EmployeeServiceImpl --> updateById
2023-03-06 08:20:12.565  INFO 30304 --- [main] com.project.service.EmployeeServiceImpl  : End: EmployeeServiceImpl --> updateById
2023-03-06 08:20:12.599  INFO 30304 --- [SpringApplicationShutdownHook] j.LocalContainerEntityManagerFactoryBean : Closing JPA EntityManagerFactory for persistence unit 'default'
2023-03-06 08:20:12.602  INFO 30304 --- [SpringApplicationShutdownHook] com.zaxxer.hikari.HikariDataSource       : HikariPool-1 - Shutdown initiated...
2023-03-06 08:20:12.606  INFO 30304 --- [SpringApplicationShutdownHook] com.zaxxer.hikari.HikariDataSource       : HikariPool-1 - Shutdown completed.
2023-03-06 08:20:27.995  INFO 14116 --- [main] c.p.service.EmployeeServiceImplTest      : Starting EmployeeServiceImplTest using Java 1.8.0_241 on Akhilesh-Gargatte with PID 14116 (started by akhil in C:\Users\akhil\Documents\workspace-spring-tool-suite-4-4.17.2.RELEASE\SpringBootDemo2.1)
2023-03-06 08:20:27.998  INFO 14116 --- [main] c.p.service.EmployeeServiceImplTest      : No active profile set, falling back to 1 default profile: "default"
2023-03-06 08:20:29.297  INFO 14116 --- [main] .s.d.r.c.RepositoryConfigurationDelegate : Bootstrapping Spring Data JPA repositories in DEFAULT mode.
2023-03-06 08:20:29.391  INFO 14116 --- [main] .s.d.r.c.RepositoryConfigurationDelegate : Finished Spring Data repository scanning in 79 ms. Found 1 JPA repository interfaces.
2023-03-06 08:20:30.316  INFO 14116 --- [main] o.hibernate.jpa.internal.util.LogHelper  : HHH000204: Processing PersistenceUnitInfo [name: default]
2023-03-06 08:20:30.405  INFO 14116 --- [main] org.hibernate.Version                    : HHH000412: Hibernate ORM core version 5.6.14.Final
2023-03-06 08:20:30.769  INFO 14116 --- [main] o.hibernate.annotations.common.Version   : HCANN000001: Hibernate Commons Annotations {5.1.2.Final}
2023-03-06 08:20:31.434  INFO 14116 --- [main] com.zaxxer.hikari.HikariDataSource       : HikariPool-1 - Starting...
2023-03-06 08:20:31.795  INFO 14116 --- [main] com.zaxxer.hikari.HikariDataSource       : HikariPool-1 - Start completed.
2023-03-06 08:20:31.835  INFO 14116 --- [main] org.hibernate.dialect.Dialect            : HHH000400: Using dialect: org.hibernate.dialect.MySQL8Dialect
2023-03-06 08:20:32.725  INFO 14116 --- [main] o.h.e.t.j.p.i.JtaPlatformInitiator       : HHH000490: Using JtaPlatform implementation: [org.hibernate.engine.transaction.jta.platform.internal.NoJtaPlatform]
2023-03-06 08:20:32.748  INFO 14116 --- [main] j.LocalContainerEntityManagerFactoryBean : Initialized JPA EntityManagerFactory for persistence unit 'default'
2023-03-06 08:20:33.971  WARN 14116 --- [main] JpaBaseConfiguration$JpaWebConfiguration : spring.jpa.open-in-view is enabled by default. Therefore, database queries may be performed during view rendering. Explicitly configure spring.jpa.open-in-view to disable this warning
2023-03-06 08:20:34.138  INFO 14116 --- [main] o.s.b.a.h2.H2ConsoleAutoConfiguration    : H2 console available at '/h2-console'. Database available at 'jdbc:h2:mem:testdb'
2023-03-06 08:20:34.496  INFO 14116 --- [main] pertySourcedRequestMappingHandlerMapping : Mapped URL path [/v2/api-docs] onto method [springfox.documentation.swagger2.web.Swagger2Controller#getDocumentation(String, HttpServletRequest)]
2023-03-06 08:20:35.538  INFO 14116 --- [main] d.s.w.p.DocumentationPluginsBootstrapper : Context refreshed
2023-03-06 08:20:35.571  INFO 14116 --- [main] d.s.w.p.DocumentationPluginsBootstrapper : Found 1 custom documentation plugin(s)
2023-03-06 08:20:35.624  INFO 14116 --- [main] s.d.s.w.s.ApiListingReferenceScanner     : Scanning for api listing references
2023-03-06 08:20:35.931  INFO 14116 --- [main] c.p.service.EmployeeServiceImplTest      : Started EmployeeServiceImplTest in 8.368 seconds (JVM running for 9.862)
2023-03-06 08:20:36.240  INFO 14116 --- [main] com.project.service.EmployeeServiceImpl  : start: EmployeeServiceImpl --> saveEmployee
2023-03-06 08:20:36.283  INFO 14116 --- [main] com.project.service.EmployeeServiceImpl  : end: EmployeeServiceImpl --> saveEmployee : Employee saved Employee [id=1, name=Aniket, city=Belgaum]
2023-03-06 08:20:36.343  INFO 14116 --- [main] com.project.service.EmployeeServiceImpl  : start: EmployeeServiceImpl --> updateById
2023-03-06 08:20:36.354 ERROR 14116 --- [main] com.project.service.EmployeeServiceImpl  : End: EmployeeServiceImpl --> updateById :Id not found 1
2023-03-06 08:20:36.369  INFO 14116 --- [main] com.project.service.EmployeeServiceImpl  : start: EmployeeServiceImpl --> getAllEmployee
2023-03-06 08:20:36.372  INFO 14116 --- [main] com.project.service.EmployeeServiceImpl  : End: EmployeeServiceImpl --> getAllEmployee
2023-03-06 08:20:36.383  INFO 14116 --- [main] com.project.service.EmployeeServiceImpl  : start: EmployeeServiceImpl --> getById 5
2023-03-06 08:20:36.384  INFO 14116 --- [main] com.project.service.EmployeeServiceImpl  : End: EmployeeServiceImpl --> getById 5
2023-03-06 08:20:36.398  INFO 14116 --- [main] com.project.service.EmployeeServiceImpl  : start: EmployeeServiceImpl --> deleteById 6
2023-03-06 08:20:36.402  INFO 14116 --- [main] com.project.service.EmployeeServiceImpl  : End: EmployeeServiceImpl --> deleteById 6
2023-03-06 08:20:36.450  INFO 14116 --- [SpringApplicationShutdownHook] j.LocalContainerEntityManagerFactoryBean : Closing JPA EntityManagerFactory for persistence unit 'default'
2023-03-06 08:20:36.453  INFO 14116 --- [SpringApplicationShutdownHook] com.zaxxer.hikari.HikariDataSource       : HikariPool-1 - Shutdown initiated...
2023-03-06 08:20:36.457  INFO 14116 --- [SpringApplicationShutdownHook] com.zaxxer.hikari.HikariDataSource       : HikariPool-1 - Shutdown completed.
2023-03-06 08:26:17.362  INFO 16472 --- [main] c.p.service.EmployeeServiceImplTest      : Starting EmployeeServiceImplTest using Java 1.8.0_241 on Akhilesh-Gargatte with PID 16472 (started by akhil in C:\Users\akhil\Documents\workspace-spring-tool-suite-4-4.17.2.RELEASE\SpringBootDemo2.1)
2023-03-06 08:26:17.364  INFO 16472 --- [main] c.p.service.EmployeeServiceImplTest      : No active profile set, falling back to 1 default profile: "default"
2023-03-06 08:26:18.725  INFO 16472 --- [main] .s.d.r.c.RepositoryConfigurationDelegate : Bootstrapping Spring Data JPA repositories in DEFAULT mode.
2023-03-06 08:26:18.806  INFO 16472 --- [main] .s.d.r.c.RepositoryConfigurationDelegate : Finished Spring Data repository scanning in 67 ms. Found 1 JPA repository interfaces.
2023-03-06 08:26:19.785  INFO 16472 --- [main] o.hibernate.jpa.internal.util.LogHelper  : HHH000204: Processing PersistenceUnitInfo [name: default]
2023-03-06 08:26:19.880  INFO 16472 --- [main] org.hibernate.Version                    : HHH000412: Hibernate ORM core version 5.6.14.Final
2023-03-06 08:26:20.266  INFO 16472 --- [main] o.hibernate.annotations.common.Version   : HCANN000001: Hibernate Commons Annotations {5.1.2.Final}
2023-03-06 08:26:21.024  INFO 16472 --- [main] com.zaxxer.hikari.HikariDataSource       : HikariPool-1 - Starting...
2023-03-06 08:26:21.407  INFO 16472 --- [main] com.zaxxer.hikari.HikariDataSource       : HikariPool-1 - Start completed.
2023-03-06 08:26:21.445  INFO 16472 --- [main] org.hibernate.dialect.Dialect            : HHH000400: Using dialect: org.hibernate.dialect.MySQL8Dialect
2023-03-06 08:26:22.407  INFO 16472 --- [main] o.h.e.t.j.p.i.JtaPlatformInitiator       : HHH000490: Using JtaPlatform implementation: [org.hibernate.engine.transaction.jta.platform.internal.NoJtaPlatform]
2023-03-06 08:26:22.428  INFO 16472 --- [main] j.LocalContainerEntityManagerFactoryBean : Initialized JPA EntityManagerFactory for persistence unit 'default'
2023-03-06 08:26:23.580  WARN 16472 --- [main] JpaBaseConfiguration$JpaWebConfiguration : spring.jpa.open-in-view is enabled by default. Therefore, database queries may be performed during view rendering. Explicitly configure spring.jpa.open-in-view to disable this warning
2023-03-06 08:26:23.738  INFO 16472 --- [main] o.s.b.a.h2.H2ConsoleAutoConfiguration    : H2 console available at '/h2-console'. Database available at 'jdbc:h2:mem:testdb'
2023-03-06 08:26:24.065  INFO 16472 --- [main] pertySourcedRequestMappingHandlerMapping : Mapped URL path [/v2/api-docs] onto method [springfox.documentation.swagger2.web.Swagger2Controller#getDocumentation(String, HttpServletRequest)]
2023-03-06 08:26:24.927  INFO 16472 --- [main] d.s.w.p.DocumentationPluginsBootstrapper : Context refreshed
2023-03-06 08:26:24.952  INFO 16472 --- [main] d.s.w.p.DocumentationPluginsBootstrapper : Found 1 custom documentation plugin(s)
2023-03-06 08:26:24.991  INFO 16472 --- [main] s.d.s.w.s.ApiListingReferenceScanner     : Scanning for api listing references
2023-03-06 08:26:25.224  INFO 16472 --- [main] c.p.service.EmployeeServiceImplTest      : Started EmployeeServiceImplTest in 8.29 seconds (JVM running for 9.872)
2023-03-06 08:26:25.615  INFO 16472 --- [main] com.project.service.EmployeeServiceImpl  : start: EmployeeServiceImpl --> getAllEmployeeByPage 0
2023-03-06 08:26:25.640  INFO 16472 --- [main] com.project.service.EmployeeServiceImpl  : End: EmployeeServiceImpl --> getAllEmployeeByPage [Employee [id=1, name=Aniket, city=Belgaum], Employee [id=2, name=Ajinkya, city=sangli]]
2023-03-06 08:26:25.676  INFO 16472 --- [SpringApplicationShutdownHook] j.LocalContainerEntityManagerFactoryBean : Closing JPA EntityManagerFactory for persistence unit 'default'
2023-03-06 08:26:25.680  INFO 16472 --- [SpringApplicationShutdownHook] com.zaxxer.hikari.HikariDataSource       : HikariPool-1 - Shutdown initiated...
2023-03-06 08:26:25.688  INFO 16472 --- [SpringApplicationShutdownHook] com.zaxxer.hikari.HikariDataSource       : HikariPool-1 - Shutdown completed.
2023-03-06 08:27:56.609  INFO 12408 --- [main] c.p.service.EmployeeServiceImplTest      : Starting EmployeeServiceImplTest using Java 1.8.0_241 on Akhilesh-Gargatte with PID 12408 (started by akhil in C:\Users\akhil\Documents\workspace-spring-tool-suite-4-4.17.2.RELEASE\SpringBootDemo2.1)
2023-03-06 08:27:56.611  INFO 12408 --- [main] c.p.service.EmployeeServiceImplTest      : No active profile set, falling back to 1 default profile: "default"
2023-03-06 08:27:57.801  INFO 12408 --- [main] .s.d.r.c.RepositoryConfigurationDelegate : Bootstrapping Spring Data JPA repositories in DEFAULT mode.
2023-03-06 08:27:57.873  INFO 12408 --- [main] .s.d.r.c.RepositoryConfigurationDelegate : Finished Spring Data repository scanning in 60 ms. Found 1 JPA repository interfaces.
2023-03-06 08:27:58.804  INFO 12408 --- [main] o.hibernate.jpa.internal.util.LogHelper  : HHH000204: Processing PersistenceUnitInfo [name: default]
2023-03-06 08:27:58.878  INFO 12408 --- [main] org.hibernate.Version                    : HHH000412: Hibernate ORM core version 5.6.14.Final
2023-03-06 08:27:59.222  INFO 12408 --- [main] o.hibernate.annotations.common.Version   : HCANN000001: Hibernate Commons Annotations {5.1.2.Final}
2023-03-06 08:27:59.870  INFO 12408 --- [main] com.zaxxer.hikari.HikariDataSource       : HikariPool-1 - Starting...
2023-03-06 08:28:00.223  INFO 12408 --- [main] com.zaxxer.hikari.HikariDataSource       : HikariPool-1 - Start completed.
2023-03-06 08:28:00.256  INFO 12408 --- [main] org.hibernate.dialect.Dialect            : HHH000400: Using dialect: org.hibernate.dialect.MySQL8Dialect
2023-03-06 08:28:01.179  INFO 12408 --- [main] o.h.e.t.j.p.i.JtaPlatformInitiator       : HHH000490: Using JtaPlatform implementation: [org.hibernate.engine.transaction.jta.platform.internal.NoJtaPlatform]
2023-03-06 08:28:01.194  INFO 12408 --- [main] j.LocalContainerEntityManagerFactoryBean : Initialized JPA EntityManagerFactory for persistence unit 'default'
2023-03-06 08:28:02.405  WARN 12408 --- [main] JpaBaseConfiguration$JpaWebConfiguration : spring.jpa.open-in-view is enabled by default. Therefore, database queries may be performed during view rendering. Explicitly configure spring.jpa.open-in-view to disable this warning
2023-03-06 08:28:02.565  INFO 12408 --- [main] o.s.b.a.h2.H2ConsoleAutoConfiguration    : H2 console available at '/h2-console'. Database available at 'jdbc:h2:mem:testdb'
2023-03-06 08:28:02.913  INFO 12408 --- [main] pertySourcedRequestMappingHandlerMapping : Mapped URL path [/v2/api-docs] onto method [springfox.documentation.swagger2.web.Swagger2Controller#getDocumentation(String, HttpServletRequest)]
2023-03-06 08:28:03.964  INFO 12408 --- [main] d.s.w.p.DocumentationPluginsBootstrapper : Context refreshed
2023-03-06 08:28:03.997  INFO 12408 --- [main] d.s.w.p.DocumentationPluginsBootstrapper : Found 1 custom documentation plugin(s)
2023-03-06 08:28:04.048  INFO 12408 --- [main] s.d.s.w.s.ApiListingReferenceScanner     : Scanning for api listing references
2023-03-06 08:28:04.291  INFO 12408 --- [main] c.p.service.EmployeeServiceImplTest      : Started EmployeeServiceImplTest in 8.103 seconds (JVM running for 9.692)
2023-03-06 08:28:04.600  INFO 12408 --- [main] com.project.service.EmployeeServiceImpl  : start: EmployeeServiceImpl --> saveEmployee
2023-03-06 08:28:04.639  INFO 12408 --- [main] com.project.service.EmployeeServiceImpl  : end: EmployeeServiceImpl --> saveEmployee : Employee saved Employee [id=1, name=Aniket, city=Belgaum]
2023-03-06 08:28:04.731  INFO 12408 --- [main] com.project.service.EmployeeServiceImpl  : start: EmployeeServiceImpl --> getAllEmployeeByPage 0
2023-03-06 08:28:04.752  INFO 12408 --- [main] com.project.service.EmployeeServiceImpl  : End: EmployeeServiceImpl --> getAllEmployeeByPage [Employee [id=2, name=Aniket, city=Belgaum], Employee [id=3, name=Ajinkya, city=sangli]]
2023-03-06 08:28:04.764  INFO 12408 --- [main] com.project.service.EmployeeServiceImpl  : start: EmployeeServiceImpl --> updateById
2023-03-06 08:28:04.770 ERROR 12408 --- [main] com.project.service.EmployeeServiceImpl  : End: EmployeeServiceImpl --> updateById :Id not found 1
2023-03-06 08:28:04.780  INFO 12408 --- [main] com.project.service.EmployeeServiceImpl  : start: EmployeeServiceImpl --> getAllEmployee
2023-03-06 08:28:04.783  INFO 12408 --- [main] com.project.service.EmployeeServiceImpl  : End: EmployeeServiceImpl --> getAllEmployee
2023-03-06 08:28:04.797  INFO 12408 --- [main] com.project.service.EmployeeServiceImpl  : start: EmployeeServiceImpl --> getById 9
2023-03-06 08:28:04.798  INFO 12408 --- [main] com.project.service.EmployeeServiceImpl  : End: EmployeeServiceImpl --> getById 9
2023-03-06 08:28:04.811  INFO 12408 --- [main] com.project.service.EmployeeServiceImpl  : start: EmployeeServiceImpl --> deleteById 10
2023-03-06 08:28:04.815  INFO 12408 --- [main] com.project.service.EmployeeServiceImpl  : End: EmployeeServiceImpl --> deleteById 10
2023-03-06 08:28:04.843  INFO 12408 --- [SpringApplicationShutdownHook] j.LocalContainerEntityManagerFactoryBean : Closing JPA EntityManagerFactory for persistence unit 'default'
2023-03-06 08:28:04.847  INFO 12408 --- [SpringApplicationShutdownHook] com.zaxxer.hikari.HikariDataSource       : HikariPool-1 - Shutdown initiated...
2023-03-06 08:28:04.868  INFO 12408 --- [SpringApplicationShutdownHook] com.zaxxer.hikari.HikariDataSource       : HikariPool-1 - Shutdown completed.
2023-03-06 08:34:29.516  INFO 25172 --- [main] c.p.service.EmployeeServiceImplTest      : Starting EmployeeServiceImplTest using Java 1.8.0_241 on Akhilesh-Gargatte with PID 25172 (started by akhil in C:\Users\akhil\Documents\workspace-spring-tool-suite-4-4.17.2.RELEASE\SpringBootDemo2.1)
2023-03-06 08:34:29.518  INFO 25172 --- [main] c.p.service.EmployeeServiceImplTest      : No active profile set, falling back to 1 default profile: "default"
2023-03-06 08:34:30.778  INFO 25172 --- [main] .s.d.r.c.RepositoryConfigurationDelegate : Bootstrapping Spring Data JPA repositories in DEFAULT mode.
2023-03-06 08:34:30.866  INFO 25172 --- [main] .s.d.r.c.RepositoryConfigurationDelegate : Finished Spring Data repository scanning in 76 ms. Found 1 JPA repository interfaces.
2023-03-06 08:34:31.788  INFO 25172 --- [main] o.hibernate.jpa.internal.util.LogHelper  : HHH000204: Processing PersistenceUnitInfo [name: default]
2023-03-06 08:34:31.868  INFO 25172 --- [main] org.hibernate.Version                    : HHH000412: Hibernate ORM core version 5.6.14.Final
2023-03-06 08:34:32.234  INFO 25172 --- [main] o.hibernate.annotations.common.Version   : HCANN000001: Hibernate Commons Annotations {5.1.2.Final}
2023-03-06 08:34:32.880  INFO 25172 --- [main] com.zaxxer.hikari.HikariDataSource       : HikariPool-1 - Starting...
2023-03-06 08:34:33.236  INFO 25172 --- [main] com.zaxxer.hikari.HikariDataSource       : HikariPool-1 - Start completed.
2023-03-06 08:34:33.265  INFO 25172 --- [main] org.hibernate.dialect.Dialect            : HHH000400: Using dialect: org.hibernate.dialect.MySQL8Dialect
2023-03-06 08:34:34.167  INFO 25172 --- [main] o.h.e.t.j.p.i.JtaPlatformInitiator       : HHH000490: Using JtaPlatform implementation: [org.hibernate.engine.transaction.jta.platform.internal.NoJtaPlatform]
2023-03-06 08:34:34.182  INFO 25172 --- [main] j.LocalContainerEntityManagerFactoryBean : Initialized JPA EntityManagerFactory for persistence unit 'default'
2023-03-06 08:34:35.324  WARN 25172 --- [main] JpaBaseConfiguration$JpaWebConfiguration : spring.jpa.open-in-view is enabled by default. Therefore, database queries may be performed during view rendering. Explicitly configure spring.jpa.open-in-view to disable this warning
2023-03-06 08:34:35.468  INFO 25172 --- [main] o.s.b.a.h2.H2ConsoleAutoConfiguration    : H2 console available at '/h2-console'. Database available at 'jdbc:h2:mem:testdb'
2023-03-06 08:34:35.820  INFO 25172 --- [main] pertySourcedRequestMappingHandlerMapping : Mapped URL path [/v2/api-docs] onto method [springfox.documentation.swagger2.web.Swagger2Controller#getDocumentation(String, HttpServletRequest)]
2023-03-06 08:34:36.831  INFO 25172 --- [main] d.s.w.p.DocumentationPluginsBootstrapper : Context refreshed
2023-03-06 08:34:36.862  INFO 25172 --- [main] d.s.w.p.DocumentationPluginsBootstrapper : Found 1 custom documentation plugin(s)
2023-03-06 08:34:36.911  INFO 25172 --- [main] s.d.s.w.s.ApiListingReferenceScanner     : Scanning for api listing references
2023-03-06 08:34:37.170  INFO 25172 --- [main] c.p.service.EmployeeServiceImplTest      : Started EmployeeServiceImplTest in 8.129 seconds (JVM running for 9.638)
2023-03-06 08:34:37.493  INFO 25172 --- [main] com.project.service.EmployeeServiceImpl  : start: EmployeeServiceImpl --> saveEmployee
2023-03-06 08:34:37.538  INFO 25172 --- [main] com.project.service.EmployeeServiceImpl  : end: EmployeeServiceImpl --> saveEmployee : Employee saved Employee [id=1, name=Aniket, city=Belgaum]
2023-03-06 08:34:37.587  INFO 25172 --- [main] com.project.service.EmployeeServiceImpl  : start: EmployeeServiceImpl --> getAllEmployeeByPage 0
2023-03-06 08:34:37.600  INFO 25172 --- [main] com.project.service.EmployeeServiceImpl  : End: EmployeeServiceImpl --> getAllEmployeeByPage [Employee [id=2, name=Aniket, city=Belgaum], Employee [id=3, name=Ajinkya, city=sangli]]
2023-03-06 08:34:37.611  INFO 25172 --- [main] com.project.service.EmployeeServiceImpl  : start: EmployeeServiceImpl --> updateById
2023-03-06 08:34:37.616 ERROR 25172 --- [main] com.project.service.EmployeeServiceImpl  : End: EmployeeServiceImpl --> updateById :Id not found 1
2023-03-06 08:34:37.626  INFO 25172 --- [main] com.project.service.EmployeeServiceImpl  : start: EmployeeServiceImpl --> getAllEmployee
2023-03-06 08:34:37.629  INFO 25172 --- [main] com.project.service.EmployeeServiceImpl  : End: EmployeeServiceImpl --> getAllEmployee
2023-03-06 08:34:37.640  INFO 25172 --- [main] com.project.service.EmployeeServiceImpl  : start: EmployeeServiceImpl --> getById 9
2023-03-06 08:34:37.640  INFO 25172 --- [main] com.project.service.EmployeeServiceImpl  : End: EmployeeServiceImpl --> getById 9
2023-03-06 08:34:37.655  INFO 25172 --- [main] com.project.service.EmployeeServiceImpl  : start: EmployeeServiceImpl --> getAllEmployeeBySorting
2023-03-06 08:34:37.664  INFO 25172 --- [main] com.project.service.EmployeeServiceImpl  : End: EmployeeServiceImpl --> getAllEmployeeBySorting
2023-03-06 08:34:37.678  INFO 25172 --- [main] com.project.service.EmployeeServiceImpl  : start: EmployeeServiceImpl --> deleteById 14
2023-03-06 08:34:37.682  INFO 25172 --- [main] com.project.service.EmployeeServiceImpl  : End: EmployeeServiceImpl --> deleteById 14
2023-03-06 08:34:37.714  INFO 25172 --- [SpringApplicationShutdownHook] j.LocalContainerEntityManagerFactoryBean : Closing JPA EntityManagerFactory for persistence unit 'default'
2023-03-06 08:34:37.717  INFO 25172 --- [SpringApplicationShutdownHook] com.zaxxer.hikari.HikariDataSource       : HikariPool-1 - Shutdown initiated...
2023-03-06 08:34:37.744  INFO 25172 --- [SpringApplicationShutdownHook] com.zaxxer.hikari.HikariDataSource       : HikariPool-1 - Shutdown completed.
2023-03-06 13:12:39.008  INFO 12348 --- [main] c.p.service.EmployeeServiceImplTest      : Starting EmployeeServiceImplTest using Java 1.8.0_241 on Akhilesh-Gargatte with PID 12348 (started by akhil in C:\Users\akhil\Documents\workspace-spring-tool-suite-4-4.17.2.RELEASE\SpringBootDemo2.1)
2023-03-06 13:12:39.010  INFO 12348 --- [main] c.p.service.EmployeeServiceImplTest      : No active profile set, falling back to 1 default profile: "default"
2023-03-06 13:12:39.930  INFO 12348 --- [main] .s.d.r.c.RepositoryConfigurationDelegate : Bootstrapping Spring Data JPA repositories in DEFAULT mode.
2023-03-06 13:12:39.998  INFO 12348 --- [main] .s.d.r.c.RepositoryConfigurationDelegate : Finished Spring Data repository scanning in 57 ms. Found 1 JPA repository interfaces.
2023-03-06 13:12:40.640  INFO 12348 --- [main] o.hibernate.jpa.internal.util.LogHelper  : HHH000204: Processing PersistenceUnitInfo [name: default]
2023-03-06 13:12:40.719  INFO 12348 --- [main] org.hibernate.Version                    : HHH000412: Hibernate ORM core version 5.6.14.Final
2023-03-06 13:12:41.000  INFO 12348 --- [main] o.hibernate.annotations.common.Version   : HCANN000001: Hibernate Commons Annotations {5.1.2.Final}
2023-03-06 13:12:41.543  INFO 12348 --- [main] com.zaxxer.hikari.HikariDataSource       : HikariPool-1 - Starting...
2023-03-06 13:12:41.799  INFO 12348 --- [main] com.zaxxer.hikari.HikariDataSource       : HikariPool-1 - Start completed.
2023-03-06 13:12:41.824  INFO 12348 --- [main] org.hibernate.dialect.Dialect            : HHH000400: Using dialect: org.hibernate.dialect.MySQL8Dialect
2023-03-06 13:12:42.469  INFO 12348 --- [main] o.h.e.t.j.p.i.JtaPlatformInitiator       : HHH000490: Using JtaPlatform implementation: [org.hibernate.engine.transaction.jta.platform.internal.NoJtaPlatform]
2023-03-06 13:12:42.480  INFO 12348 --- [main] j.LocalContainerEntityManagerFactoryBean : Initialized JPA EntityManagerFactory for persistence unit 'default'
2023-03-06 13:12:43.330  WARN 12348 --- [main] JpaBaseConfiguration$JpaWebConfiguration : spring.jpa.open-in-view is enabled by default. Therefore, database queries may be performed during view rendering. Explicitly configure spring.jpa.open-in-view to disable this warning
2023-03-06 13:12:43.441  INFO 12348 --- [main] o.s.b.a.h2.H2ConsoleAutoConfiguration    : H2 console available at '/h2-console'. Database available at 'jdbc:h2:mem:testdb'
2023-03-06 13:12:43.715  INFO 12348 --- [main] pertySourcedRequestMappingHandlerMapping : Mapped URL path [/v2/api-docs] onto method [springfox.documentation.swagger2.web.Swagger2Controller#getDocumentation(String, HttpServletRequest)]
2023-03-06 13:12:44.589  INFO 12348 --- [main] d.s.w.p.DocumentationPluginsBootstrapper : Context refreshed
2023-03-06 13:12:44.614  INFO 12348 --- [main] d.s.w.p.DocumentationPluginsBootstrapper : Found 1 custom documentation plugin(s)
2023-03-06 13:12:44.648  INFO 12348 --- [main] s.d.s.w.s.ApiListingReferenceScanner     : Scanning for api listing references
2023-03-06 13:12:44.856  INFO 12348 --- [main] c.p.service.EmployeeServiceImplTest      : Started EmployeeServiceImplTest in 6.179 seconds (JVM running for 7.304)
2023-03-06 13:12:45.145  INFO 12348 --- [main] com.project.service.EmployeeServiceImpl  : start: EmployeeServiceImpl --> updateById
2023-03-06 13:12:45.185  INFO 12348 --- [main] com.project.service.EmployeeServiceImpl  : End: EmployeeServiceImpl --> updateById
2023-03-06 13:12:45.221  INFO 12348 --- [SpringApplicationShutdownHook] j.LocalContainerEntityManagerFactoryBean : Closing JPA EntityManagerFactory for persistence unit 'default'
2023-03-06 13:12:45.224  INFO 12348 --- [SpringApplicationShutdownHook] com.zaxxer.hikari.HikariDataSource       : HikariPool-1 - Shutdown initiated...
2023-03-06 13:12:45.248  INFO 12348 --- [SpringApplicationShutdownHook] com.zaxxer.hikari.HikariDataSource       : HikariPool-1 - Shutdown completed.
2023-03-06 19:30:32.214  INFO 20616 --- [main] com.project.Application                  : Starting Application using Java 1.8.0_241 on Akhilesh-Gargatte with PID 20616 (C:\Users\akhil\Documents\workspace-spring-tool-suite-4-4.17.2.RELEASE\SpringBootDemo2.1\target\classes started by akhil in C:\Users\akhil\Documents\workspace-spring-tool-suite-4-4.17.2.RELEASE\SpringBootDemo2.1)
2023-03-06 19:30:32.218  INFO 20616 --- [main] com.project.Application                  : No active profile set, falling back to 1 default profile: "default"
2023-03-06 19:30:33.084  INFO 20616 --- [main] .s.d.r.c.RepositoryConfigurationDelegate : Bootstrapping Spring Data JPA repositories in DEFAULT mode.
2023-03-06 19:30:33.159  INFO 20616 --- [main] .s.d.r.c.RepositoryConfigurationDelegate : Finished Spring Data repository scanning in 62 ms. Found 1 JPA repository interfaces.
2023-03-06 19:30:33.705  INFO 20616 --- [main] o.s.b.w.embedded.tomcat.TomcatWebServer  : Tomcat initialized with port(s): 8080 (http)
2023-03-06 19:30:33.719  INFO 20616 --- [main] o.apache.catalina.core.StandardService   : Starting service [Tomcat]
2023-03-06 19:30:33.719  INFO 20616 --- [main] org.apache.catalina.core.StandardEngine  : Starting Servlet engine: [Apache Tomcat/9.0.71]
2023-03-06 19:30:33.937  INFO 20616 --- [main] o.a.c.c.C.[Tomcat].[localhost].[/]       : Initializing Spring embedded WebApplicationContext
2023-03-06 19:30:33.938  INFO 20616 --- [main] w.s.c.ServletWebServerApplicationContext : Root WebApplicationContext: initialization completed in 1667 ms
2023-03-06 19:30:34.260  INFO 20616 --- [main] o.hibernate.jpa.internal.util.LogHelper  : HHH000204: Processing PersistenceUnitInfo [name: default]
2023-03-06 19:30:34.359  INFO 20616 --- [main] org.hibernate.Version                    : HHH000412: Hibernate ORM core version 5.6.14.Final
2023-03-06 19:30:34.631  INFO 20616 --- [main] o.hibernate.annotations.common.Version   : HCANN000001: Hibernate Commons Annotations {5.1.2.Final}
2023-03-06 19:30:34.791  INFO 20616 --- [main] com.zaxxer.hikari.HikariDataSource       : HikariPool-1 - Starting...
2023-03-06 19:30:35.495  INFO 20616 --- [main] com.zaxxer.hikari.HikariDataSource       : HikariPool-1 - Start completed.
2023-03-06 19:30:35.522  INFO 20616 --- [main] org.hibernate.dialect.Dialect            : HHH000400: Using dialect: org.hibernate.dialect.MySQL8Dialect
2023-03-06 19:30:36.246  INFO 20616 --- [main] o.h.e.t.j.p.i.JtaPlatformInitiator       : HHH000490: Using JtaPlatform implementation: [org.hibernate.engine.transaction.jta.platform.internal.NoJtaPlatform]
2023-03-06 19:30:36.256  INFO 20616 --- [main] j.LocalContainerEntityManagerFactoryBean : Initialized JPA EntityManagerFactory for persistence unit 'default'
2023-03-06 19:30:36.857  WARN 20616 --- [main] JpaBaseConfiguration$JpaWebConfiguration : spring.jpa.open-in-view is enabled by default. Therefore, database queries may be performed during view rendering. Explicitly configure spring.jpa.open-in-view to disable this warning
2023-03-06 19:30:37.156  INFO 20616 --- [main] pertySourcedRequestMappingHandlerMapping : Mapped URL path [/v2/api-docs] onto method [springfox.documentation.swagger2.web.Swagger2Controller#getDocumentation(String, HttpServletRequest)]
2023-03-06 19:30:37.475  INFO 20616 --- [main] o.s.b.w.embedded.tomcat.TomcatWebServer  : Tomcat started on port(s): 8080 (http) with context path ''
2023-03-06 19:30:37.477  INFO 20616 --- [main] d.s.w.p.DocumentationPluginsBootstrapper : Context refreshed
2023-03-06 19:30:37.508  INFO 20616 --- [main] d.s.w.p.DocumentationPluginsBootstrapper : Found 1 custom documentation plugin(s)
2023-03-06 19:30:37.549  INFO 20616 --- [main] s.d.s.w.s.ApiListingReferenceScanner     : Scanning for api listing references
2023-03-06 19:30:37.777  INFO 20616 --- [main] com.project.Application                  : Started Application in 6.041 seconds (JVM running for 6.969)
2023-03-06 19:30:48.677  INFO 20616 --- [RMI TCP Connection(2)-127.0.0.1] inMXBeanRegistrar$SpringApplicationAdmin : Application shutdown requested.
2023-03-06 19:30:48.943  INFO 20616 --- [RMI TCP Connection(2)-127.0.0.1] o.apache.catalina.core.StandardService   : Stopping service [Tomcat]
2023-03-06 19:30:48.959  INFO 20616 --- [RMI TCP Connection(2)-127.0.0.1] j.LocalContainerEntityManagerFactoryBean : Closing JPA EntityManagerFactory for persistence unit 'default'
2023-03-06 19:30:48.964  INFO 20616 --- [RMI TCP Connection(2)-127.0.0.1] com.zaxxer.hikari.HikariDataSource       : HikariPool-1 - Shutdown initiated...
2023-03-06 19:30:48.977  INFO 20616 --- [RMI TCP Connection(2)-127.0.0.1] com.zaxxer.hikari.HikariDataSource       : HikariPool-1 - Shutdown completed.
