2023-03-13 20:44:43.393  INFO 17972 --- [main] com.project.Application                  : Starting Application using Java 1.8.0_241 on Akhilesh-Gargatte with PID 17972 (C:\Users\akhil\Documents\workspace-spring-tool-suite-4-4.17.2.RELEASE\SpringBootDemo2.1\target\classes started by akhil in C:\Users\akhil\Documents\workspace-spring-tool-suite-4-4.17.2.RELEASE\SpringBootDemo2.1)
2023-03-13 20:44:43.403  INFO 17972 --- [main] com.project.Application                  : No active profile set, falling back to 1 default profile: "default"
2023-03-13 20:44:44.606  INFO 17972 --- [main] .s.d.r.c.RepositoryConfigurationDelegate : Bootstrapping Spring Data JPA repositories in DEFAULT mode.
2023-03-13 20:44:44.692  INFO 17972 --- [main] .s.d.r.c.RepositoryConfigurationDelegate : Finished Spring Data repository scanning in 66 ms. Found 1 JPA repository interfaces.
2023-03-13 20:44:45.532  INFO 17972 --- [main] o.s.b.w.embedded.tomcat.TomcatWebServer  : Tomcat initialized with port(s): 8080 (http)
2023-03-13 20:44:45.553  INFO 17972 --- [main] o.apache.catalina.core.StandardService   : Starting service [Tomcat]
2023-03-13 20:44:45.553  INFO 17972 --- [main] org.apache.catalina.core.StandardEngine  : Starting Servlet engine: [Apache Tomcat/9.0.71]
2023-03-13 20:44:45.795  INFO 17972 --- [main] o.a.c.c.C.[Tomcat].[localhost].[/]       : Initializing Spring embedded WebApplicationContext
2023-03-13 20:44:45.796  INFO 17972 --- [main] w.s.c.ServletWebServerApplicationContext : Root WebApplicationContext: initialization completed in 2317 ms
2023-03-13 20:44:46.152  INFO 17972 --- [main] o.hibernate.jpa.internal.util.LogHelper  : HHH000204: Processing PersistenceUnitInfo [name: default]
2023-03-13 20:44:46.258  INFO 17972 --- [main] org.hibernate.Version                    : HHH000412: Hibernate ORM core version 5.6.14.Final
2023-03-13 20:44:46.536  INFO 17972 --- [main] o.hibernate.annotations.common.Version   : HCANN000001: Hibernate Commons Annotations {5.1.2.Final}
2023-03-13 20:44:46.727  INFO 17972 --- [main] com.zaxxer.hikari.HikariDataSource       : HikariPool-1 - Starting...
2023-03-13 20:44:47.603  INFO 17972 --- [main] com.zaxxer.hikari.HikariDataSource       : HikariPool-1 - Start completed.
2023-03-13 20:44:47.639  INFO 17972 --- [main] org.hibernate.dialect.Dialect            : HHH000400: Using dialect: org.hibernate.dialect.MySQL8Dialect
2023-03-13 20:44:48.608  INFO 17972 --- [main] o.h.e.t.j.p.i.JtaPlatformInitiator       : HHH000490: Using JtaPlatform implementation: [org.hibernate.engine.transaction.jta.platform.internal.NoJtaPlatform]
2023-03-13 20:44:48.626  INFO 17972 --- [main] j.LocalContainerEntityManagerFactoryBean : Initialized JPA EntityManagerFactory for persistence unit 'default'
2023-03-13 20:44:49.212  WARN 17972 --- [main] JpaBaseConfiguration$JpaWebConfiguration : spring.jpa.open-in-view is enabled by default. Therefore, database queries may be performed during view rendering. Explicitly configure spring.jpa.open-in-view to disable this warning
2023-03-13 20:44:49.486  INFO 17972 --- [main] pertySourcedRequestMappingHandlerMapping : Mapped URL path [/v2/api-docs] onto method [springfox.documentation.swagger2.web.Swagger2Controller#getDocumentation(String, HttpServletRequest)]
2023-03-13 20:44:49.789  INFO 17972 --- [main] o.s.b.w.embedded.tomcat.TomcatWebServer  : Tomcat started on port(s): 8080 (http) with context path ''
2023-03-13 20:44:49.790  INFO 17972 --- [main] d.s.w.p.DocumentationPluginsBootstrapper : Context refreshed
2023-03-13 20:44:49.834  INFO 17972 --- [main] d.s.w.p.DocumentationPluginsBootstrapper : Found 1 custom documentation plugin(s)
2023-03-13 20:44:49.891  INFO 17972 --- [main] s.d.s.w.s.ApiListingReferenceScanner     : Scanning for api listing references
2023-03-13 20:44:50.104  INFO 17972 --- [main] com.project.Application                  : Started Application in 7.575 seconds (JVM running for 9.093)
2023-03-13 20:44:56.676  INFO 17972 --- [RMI TCP Connection(8)-127.0.0.1] inMXBeanRegistrar$SpringApplicationAdmin : Application shutdown requested.
2023-03-13 20:44:57.069  INFO 17972 --- [RMI TCP Connection(8)-127.0.0.1] o.apache.catalina.core.StandardService   : Stopping service [Tomcat]
2023-03-13 20:44:57.087  INFO 17972 --- [RMI TCP Connection(8)-127.0.0.1] j.LocalContainerEntityManagerFactoryBean : Closing JPA EntityManagerFactory for persistence unit 'default'
2023-03-13 20:44:57.091  INFO 17972 --- [RMI TCP Connection(8)-127.0.0.1] com.zaxxer.hikari.HikariDataSource       : HikariPool-1 - Shutdown initiated...
2023-03-13 20:44:57.107  INFO 17972 --- [RMI TCP Connection(8)-127.0.0.1] com.zaxxer.hikari.HikariDataSource       : HikariPool-1 - Shutdown completed.
